2024-12-07 15:21:44.738 [info] Extension host with pid 33978 started
2024-12-07 15:21:44.747 [info] Lock '/home/ec2-user/.vscode-server/data/User/workspaceStorage/3bf4f2e3c908af867706f6b63b415b8b/vscode.lock': Lock acquired.
2024-12-07 15:21:44.961 [info] ExtensionService#_doActivateExtension vscode.git-base, startup: false, activationEvent: '*', root cause: vscode.git
2024-12-07 15:21:45.172 [info] ExtensionService#_doActivateExtension vscode.git, startup: false, activationEvent: '*'
2024-12-07 15:21:45.175 [info] ExtensionService#_doActivateExtension vscode.github, startup: false, activationEvent: '*'
2024-12-07 15:21:45.666 [info] Eager extensions activated
2024-12-07 15:21:45.666 [info] ExtensionService#_doActivateExtension vscode.debug-auto-launch, startup: false, activationEvent: 'onStartupFinished'
2024-12-07 15:21:45.667 [info] ExtensionService#_doActivateExtension vscode.merge-conflict, startup: false, activationEvent: 'onStartupFinished'
2024-12-07 15:21:45.919 [warning] [Decorations] CAPPING events from decorations provider vscode.git 2706
2024-12-07 15:21:46.438 [info] ExtensionService#_doActivateExtension vscode.emmet, startup: false, activationEvent: 'onLanguage'
2024-12-07 15:21:46.654 [warning] [Decorations] CAPPING events from decorations provider vscode.git 2708
2024-12-07 15:21:51.632 [warning] [Decorations] CAPPING events from decorations provider vscode.git 2708
2024-12-07 15:21:56.705 [warning] [Decorations] CAPPING events from decorations provider vscode.git 2708
2024-12-07 15:21:59.489 [info] ExtensionService#_doActivateExtension vscode.npm, startup: false, activationEvent: 'onTerminalQuickFixRequest:ms-vscode.npm-command'
2024-12-07 15:22:01.781 [warning] [Decorations] CAPPING events from decorations provider vscode.git 2708
2024-12-07 15:22:05.862 [info] ExtensionService#_doActivateExtension vscode.configuration-editing, startup: false, activationEvent: 'onLanguage:json'
2024-12-07 15:22:05.862 [info] ExtensionService#_doActivateExtension vscode.extension-editing, startup: false, activationEvent: 'onLanguage:json'
2024-12-07 15:22:05.875 [info] ExtensionService#_doActivateExtension vscode.json-language-features, startup: false, activationEvent: 'onLanguage:json'
2024-12-07 15:22:06.902 [warning] [Decorations] CAPPING events from decorations provider vscode.git 2709
2024-12-07 15:22:18.619 [warning] [Decorations] CAPPING events from decorations provider vscode.git 2709
2024-12-07 15:22:23.696 [warning] [Decorations] CAPPING events from decorations provider vscode.git 2709
2024-12-07 15:22:31.629 [warning] [Decorations] CAPPING events from decorations provider vscode.git 2709
2024-12-07 15:22:36.698 [warning] [Decorations] CAPPING events from decorations provider vscode.git 2709
2024-12-07 15:22:43.645 [warning] [Decorations] CAPPING events from decorations provider vscode.git 2709
2024-12-07 15:22:48.727 [warning] [Decorations] CAPPING events from decorations provider vscode.git 2709
2024-12-07 15:22:53.800 [warning] [Decorations] CAPPING events from decorations provider vscode.git 2709
2024-12-07 15:23:26.570 [warning] [Decorations] CAPPING events from decorations provider vscode.git 2709
2024-12-07 15:23:31.648 [warning] [Decorations] CAPPING events from decorations provider vscode.git 2709
2024-12-07 15:23:38.644 [warning] [Decorations] CAPPING events from decorations provider vscode.git 2709
2024-12-07 15:23:45.644 [warning] [Decorations] CAPPING events from decorations provider vscode.git 2709
2024-12-07 15:23:50.725 [warning] [Decorations] CAPPING events from decorations provider vscode.git 2709
2024-12-07 15:23:55.795 [warning] [Decorations] CAPPING events from decorations provider vscode.git 2709
2024-12-07 15:24:00.860 [warning] [Decorations] CAPPING events from decorations provider vscode.git 2709
2024-12-07 15:24:05.929 [warning] [Decorations] CAPPING events from decorations provider vscode.git 2709
2024-12-07 15:24:16.562 [warning] [Decorations] CAPPING events from decorations provider vscode.git 2710
2024-12-07 15:24:18.648 [warning] [Decorations] CAPPING events from decorations provider vscode.git 2710
2024-12-07 15:24:23.735 [warning] [Decorations] CAPPING events from decorations provider vscode.git 2710
2024-12-07 15:24:28.809 [warning] [Decorations] CAPPING events from decorations provider vscode.git 2710
2024-12-07 15:24:33.880 [warning] [Decorations] CAPPING events from decorations provider vscode.git 2710
2024-12-07 15:24:34.590 [warning] [Decorations] CAPPING events from decorations provider vscode.git 2710
2024-12-07 15:24:40.665 [warning] [Decorations] CAPPING events from decorations provider vscode.git 2710
2024-12-07 15:24:45.734 [warning] [Decorations] CAPPING events from decorations provider vscode.git 2710
2024-12-07 15:24:59.671 [warning] [Decorations] CAPPING events from decorations provider vscode.git 2710
2024-12-07 15:25:02.178 [warning] [Decorations] CAPPING events from decorations provider vscode.git 2710
2024-12-07 15:25:10.797 [warning] [Decorations] CAPPING events from decorations provider vscode.git 2710
2024-12-07 15:25:13.600 [warning] [Decorations] CAPPING events from decorations provider vscode.git 2710
2024-12-07 15:25:15.875 [warning] [Decorations] CAPPING events from decorations provider vscode.git 2710
2024-12-07 15:25:20.944 [warning] [Decorations] CAPPING events from decorations provider vscode.git 2710
2024-12-07 15:25:22.232 [warning] [Decorations] CAPPING events from decorations provider vscode.git 2710
2024-12-07 15:25:35.848 [warning] [Decorations] CAPPING events from decorations provider vscode.git 2710
2024-12-07 15:25:42.331 [warning] [Decorations] CAPPING events from decorations provider vscode.git 2710
2024-12-07 15:25:47.399 [warning] [Decorations] CAPPING events from decorations provider vscode.git 2710
2024-12-07 15:26:01.055 [warning] [Decorations] CAPPING events from decorations provider vscode.git 2710
2024-12-07 15:26:06.129 [warning] [Decorations] CAPPING events from decorations provider vscode.git 2710
2024-12-07 15:26:13.001 [warning] [Decorations] CAPPING events from decorations provider vscode.git 2711
2024-12-07 15:26:18.106 [warning] [Decorations] CAPPING events from decorations provider vscode.git 2711
2024-12-07 15:26:20.447 [warning] [Decorations] CAPPING events from decorations provider vscode.git 2712
2024-12-07 15:26:23.189 [warning] [Decorations] CAPPING events from decorations provider vscode.git 2712
