2024-12-07 15:21:46.551 [info] [main] Log level: Info
2024-12-07 15:21:46.551 [info] [main] Validating found git in: "git"
2024-12-07 15:21:46.551 [info] [main] Using git "2.40.1" from "git"
2024-12-07 15:21:46.552 [info] [Model][doInitialScan] Initial repository scan started
2024-12-07 15:21:46.552 [info] > git rev-parse --show-toplevel [31ms]
2024-12-07 15:21:46.552 [info] > git rev-parse --git-dir --git-common-dir [1ms]
2024-12-07 15:21:46.552 [info] [Model][openRepository] Opened repository: /home/ec2-user
2024-12-07 15:21:46.552 [info] > git config --get commit.template [2ms]
2024-12-07 15:21:46.552 [info] [Git][getRemotes] No remotes found in the git config file
2024-12-07 15:21:46.552 [info] > git rev-parse --show-toplevel [5ms]
2024-12-07 15:21:46.552 [info] > git rev-parse --show-toplevel [2ms]
2024-12-07 15:21:46.552 [info] > git for-each-ref --format=%(refname)%00%(upstream:short)%00%(objectname)%00%(upstream:track)%00%(upstream:remotename)%00%(upstream:remoteref) refs/heads/master refs/remotes/master [7ms]
2024-12-07 15:21:46.552 [warning] [Git][getBranch] No such branch: master
2024-12-07 15:21:46.552 [info] > git rev-parse --show-toplevel [16ms]
2024-12-07 15:21:46.552 [info] > git for-each-ref --sort -committerdate --format %(refname) %(objectname) %(*objectname) [3ms]
2024-12-07 15:21:46.552 [info] > git rev-parse --show-toplevel [3ms]
2024-12-07 15:21:46.552 [info] > git rev-parse --git-dir --git-common-dir [11ms]
2024-12-07 15:21:46.552 [info] [Model][openRepository] Opened repository: /home/ec2-user/git-oss-project
2024-12-07 15:21:46.552 [info] [Model][doInitialScan] Initial repository scan completed - repositories (2), closed repositories (0), parent repositories (0), unsafe repositories (0)
2024-12-07 15:21:46.552 [info] > git status -z -uall [53ms]
2024-12-07 15:21:46.552 [info] > git for-each-ref --format=%(refname)%00%(upstream:short)%00%(objectname)%00%(upstream:track)%00%(upstream:remotename)%00%(upstream:remoteref) refs/heads/master refs/remotes/master [552ms]
2024-12-07 15:21:46.553 [warning] [Git][getBranch] No such branch: master
2024-12-07 15:21:46.553 [error] [GitHistoryProvider][resolveHEADMergeBase] Failed to resolve merge base for master: Error: No such branch: master.
2024-12-07 15:21:46.553 [info] > git config --get commit.template [713ms]
2024-12-07 15:21:46.553 [info] > git config --get commit.template [124ms]
2024-12-07 15:21:46.553 [info] > git for-each-ref --format=%(refname)%00%(upstream:short)%00%(objectname)%00%(upstream:track)%00%(upstream:remotename)%00%(upstream:remoteref) refs/heads/master refs/remotes/master [127ms]
2024-12-07 15:21:46.553 [info] > git status -z -uall [6ms]
2024-12-07 15:21:46.553 [info] [Git][getRemotes] No remotes found in the git config file
2024-12-07 15:21:46.553 [info] > git for-each-ref --sort -committerdate --format %(refname) %(objectname) %(*objectname) [12ms]
2024-12-07 15:21:46.553 [info] > git for-each-ref --format=%(refname)%00%(upstream:short)%00%(objectname)%00%(upstream:track)%00%(upstream:remotename)%00%(upstream:remoteref) refs/heads/master refs/remotes/master [4ms]
2024-12-07 15:21:46.553 [info] > git for-each-ref --format=%(refname)%00%(upstream:short)%00%(objectname)%00%(upstream:track)%00%(upstream:remotename)%00%(upstream:remoteref) refs/heads/master refs/remotes/master [17ms]
2024-12-07 15:21:46.554 [warning] [Git][getBranch] No such branch: master
2024-12-07 15:21:46.554 [info] > git config --local branch.master.vscode-merge-base [17ms]
2024-12-07 15:21:46.554 [warning] [Git][config] git config failed: Failed to execute git
2024-12-07 15:21:46.554 [info] > git config --get commit.template [24ms]
2024-12-07 15:21:46.556 [info] > git for-each-ref --sort -committerdate --format %(refname) %(objectname) %(*objectname) [10ms]
2024-12-07 15:21:46.560 [info] > git reflog master --grep-reflog=branch: Created from *. [10ms]
2024-12-07 15:21:46.569 [info] > git for-each-ref --format=%(refname)%00%(upstream:short)%00%(objectname)%00%(upstream:track)%00%(upstream:remotename)%00%(upstream:remoteref) refs/heads/master refs/remotes/master [11ms]
2024-12-07 15:21:46.576 [info] > git status -z -uall [4ms]
2024-12-07 15:21:46.579 [info] > git for-each-ref --format=%(refname)%00%(upstream:short)%00%(objectname)%00%(upstream:track)%00%(upstream:remotename)%00%(upstream:remoteref) refs/heads/main refs/remotes/main [15ms]
2024-12-07 15:21:46.587 [info] > git for-each-ref --sort -committerdate --format %(refname) %(objectname) %(*objectname) [12ms]
2024-12-07 15:21:46.593 [info] > git for-each-ref --format=%(refname)%00%(upstream:short)%00%(objectname)%00%(upstream:track)%00%(upstream:remotename)%00%(upstream:remoteref) refs/remotes/origin/main [7ms]
2024-12-07 15:21:46.604 [info] > git for-each-ref --format=%(refname)%00%(upstream:short)%00%(objectname)%00%(upstream:track)%00%(upstream:remotename)%00%(upstream:remoteref) refs/heads/master refs/remotes/master [13ms]
2024-12-07 15:21:46.611 [info] > git status -z -uall [79ms]
2024-12-07 15:21:46.611 [info] > git config --local branch.master.vscode-merge-base origin/main [13ms]
2024-12-07 15:21:46.667 [info] > git config --get commit.template [52ms]
2024-12-07 15:21:46.667 [info] > git config --local branch.master.vscode-merge-base [58ms]
2024-12-07 15:21:46.675 [info] > git for-each-ref --format=%(refname)%00%(upstream:short)%00%(objectname)%00%(upstream:track)%00%(upstream:remotename)%00%(upstream:remoteref) refs/heads/origin/main refs/remotes/origin/main [6ms]
2024-12-07 15:21:46.679 [info] > git for-each-ref --format=%(refname)%00%(upstream:short)%00%(objectname)%00%(upstream:track)%00%(upstream:remotename)%00%(upstream:remoteref) refs/heads/master refs/remotes/master [5ms]
2024-12-07 15:21:46.687 [info] > git status -z -uall [5ms]
2024-12-07 15:21:46.690 [info] > git for-each-ref --sort -committerdate --format %(refname) %(objectname) %(*objectname) [5ms]
2024-12-07 15:21:47.274 [info] > git check-ignore -v -z --stdin [4ms]
2024-12-07 15:21:47.277 [info] > git check-ignore -v -z --stdin [4ms]
2024-12-07 15:21:48.286 [info] > git config --get commit.template [15ms]
2024-12-07 15:21:48.354 [info] > git for-each-ref --format=%(refname)%00%(upstream:short)%00%(objectname)%00%(upstream:track)%00%(upstream:remotename)%00%(upstream:remoteref) refs/heads/master refs/remotes/master [66ms]
2024-12-07 15:21:48.360 [info] > git status -z -uall [4ms]
2024-12-07 15:21:48.363 [info] > git for-each-ref --sort -committerdate --format %(refname) %(objectname) %(*objectname) [3ms]
2024-12-07 15:21:51.548 [info] [Git][getRemotes] No remotes found in the git config file
2024-12-07 15:21:51.549 [info] > git config --get commit.template [3ms]
2024-12-07 15:21:51.550 [info] > git for-each-ref --format=%(refname)%00%(upstream:short)%00%(objectname)%00%(upstream:track)%00%(upstream:remotename)%00%(upstream:remoteref) refs/heads/master refs/remotes/master [2ms]
2024-12-07 15:21:51.551 [warning] [Git][getBranch] No such branch: master
2024-12-07 15:21:51.567 [info] > git for-each-ref --sort -committerdate --format %(refname) %(objectname) %(*objectname) [11ms]
2024-12-07 15:21:51.581 [info] > git status -z -uall [29ms]
2024-12-07 15:21:56.646 [info] [Git][getRemotes] No remotes found in the git config file
2024-12-07 15:21:56.646 [info] > git config --get commit.template [2ms]
2024-12-07 15:21:56.648 [info] > git for-each-ref --format=%(refname)%00%(upstream:short)%00%(objectname)%00%(upstream:track)%00%(upstream:remotename)%00%(upstream:remoteref) refs/heads/master refs/remotes/master [2ms]
2024-12-07 15:21:56.649 [warning] [Git][getBranch] No such branch: master
2024-12-07 15:21:56.661 [info] > git for-each-ref --sort -committerdate --format %(refname) %(objectname) %(*objectname) [4ms]
2024-12-07 15:21:56.677 [info] > git status -z -uall [27ms]
2024-12-07 15:22:01.715 [info] [Git][getRemotes] No remotes found in the git config file
2024-12-07 15:22:01.717 [info] > git config --get commit.template [3ms]
2024-12-07 15:22:01.718 [info] > git for-each-ref --format=%(refname)%00%(upstream:short)%00%(objectname)%00%(upstream:track)%00%(upstream:remotename)%00%(upstream:remoteref) refs/heads/master refs/remotes/master [3ms]
2024-12-07 15:22:01.718 [warning] [Git][getBranch] No such branch: master
2024-12-07 15:22:01.727 [info] > git for-each-ref --sort -committerdate --format %(refname) %(objectname) %(*objectname) [2ms]
2024-12-07 15:22:01.745 [info] > git status -z -uall [24ms]
2024-12-07 15:22:03.414 [info] > git log --format=%H%n%aN%n%aE%n%at%n%ct%n%P%n%D%n%B -z --shortstat --diff-merges=first-parent -n50 --skip=0 --topo-order --decorate=full --stdin [20ms]
2024-12-07 15:22:03.415 [info] fatal: bad revision 'refs/heads/master'
2024-12-07 15:22:03.415 [error] [GitHistoryProvider][provideHistoryItems] Failed to get history items with options '{"historyItemRefs":["refs/heads/master"],"limit":50,"skip":0}': Failed to execute git {
  "exitCode": 128,
  "gitCommand": "log",
  "stdout": "",
  "stderr": "fatal: bad revision 'refs/heads/master'\n"
}
2024-12-07 15:22:03.922 [info] > git check-ignore -v -z --stdin [5ms]
2024-12-07 15:22:06.800 [info] [Git][getRemotes] No remotes found in the git config file
2024-12-07 15:22:06.801 [info] > git config --get commit.template [5ms]
2024-12-07 15:22:06.803 [info] > git for-each-ref --format=%(refname)%00%(upstream:short)%00%(objectname)%00%(upstream:track)%00%(upstream:remotename)%00%(upstream:remoteref) refs/heads/master refs/remotes/master [3ms]
2024-12-07 15:22:06.803 [warning] [Git][getBranch] No such branch: master
2024-12-07 15:22:06.813 [info] > git for-each-ref --sort -committerdate --format %(refname) %(objectname) %(*objectname) [1ms]
2024-12-07 15:22:06.873 [info] > git status -z -uall [68ms]
2024-12-07 15:22:18.559 [info] [Git][getRemotes] No remotes found in the git config file
2024-12-07 15:22:18.560 [info] > git config --get commit.template [3ms]
2024-12-07 15:22:18.561 [info] > git for-each-ref --format=%(refname)%00%(upstream:short)%00%(objectname)%00%(upstream:track)%00%(upstream:remotename)%00%(upstream:remoteref) refs/heads/master refs/remotes/master [2ms]
2024-12-07 15:22:18.561 [warning] [Git][getBranch] No such branch: master
2024-12-07 15:22:18.578 [info] > git for-each-ref --sort -committerdate --format %(refname) %(objectname) %(*objectname) [2ms]
2024-12-07 15:22:18.589 [info] > git status -z -uall [26ms]
2024-12-07 15:22:23.636 [info] [Git][getRemotes] No remotes found in the git config file
2024-12-07 15:22:23.636 [info] > git config --get commit.template [4ms]
2024-12-07 15:22:23.638 [info] > git for-each-ref --format=%(refname)%00%(upstream:short)%00%(objectname)%00%(upstream:track)%00%(upstream:remotename)%00%(upstream:remoteref) refs/heads/master refs/remotes/master [2ms]
2024-12-07 15:22:23.638 [warning] [Git][getBranch] No such branch: master
2024-12-07 15:22:23.647 [info] > git for-each-ref --sort -committerdate --format %(refname) %(objectname) %(*objectname) [2ms]
2024-12-07 15:22:23.667 [info] > git status -z -uall [28ms]
2024-12-07 15:22:31.560 [info] [Git][getRemotes] No remotes found in the git config file
2024-12-07 15:22:31.562 [info] > git config --get commit.template [4ms]
2024-12-07 15:22:31.564 [info] > git for-each-ref --format=%(refname)%00%(upstream:short)%00%(objectname)%00%(upstream:track)%00%(upstream:remotename)%00%(upstream:remoteref) refs/heads/master refs/remotes/master [4ms]
2024-12-07 15:22:31.564 [warning] [Git][getBranch] No such branch: master
2024-12-07 15:22:31.578 [info] > git for-each-ref --sort -committerdate --format %(refname) %(objectname) %(*objectname) [3ms]
2024-12-07 15:22:31.592 [info] > git status -z -uall [26ms]
2024-12-07 15:22:36.639 [info] [Git][getRemotes] No remotes found in the git config file
2024-12-07 15:22:36.640 [info] > git config --get commit.template [4ms]
2024-12-07 15:22:36.642 [info] > git for-each-ref --format=%(refname)%00%(upstream:short)%00%(objectname)%00%(upstream:track)%00%(upstream:remotename)%00%(upstream:remoteref) refs/heads/master refs/remotes/master [3ms]
2024-12-07 15:22:36.642 [warning] [Git][getBranch] No such branch: master
2024-12-07 15:22:36.657 [info] > git for-each-ref --sort -committerdate --format %(refname) %(objectname) %(*objectname) [2ms]
2024-12-07 15:22:36.668 [info] > git status -z -uall [25ms]
2024-12-07 15:22:43.570 [info] [Git][getRemotes] No remotes found in the git config file
2024-12-07 15:22:43.570 [info] > git config --get commit.template [4ms]
2024-12-07 15:22:43.573 [info] > git for-each-ref --format=%(refname)%00%(upstream:short)%00%(objectname)%00%(upstream:track)%00%(upstream:remotename)%00%(upstream:remoteref) refs/heads/master refs/remotes/master [2ms]
2024-12-07 15:22:43.573 [warning] [Git][getBranch] No such branch: master
2024-12-07 15:22:43.587 [info] > git for-each-ref --sort -committerdate --format %(refname) %(objectname) %(*objectname) [1ms]
2024-12-07 15:22:43.602 [info] > git status -z -uall [27ms]
2024-12-07 15:22:48.669 [info] [Git][getRemotes] No remotes found in the git config file
2024-12-07 15:22:48.670 [info] > git config --get commit.template [4ms]
2024-12-07 15:22:48.671 [info] > git for-each-ref --format=%(refname)%00%(upstream:short)%00%(objectname)%00%(upstream:track)%00%(upstream:remotename)%00%(upstream:remoteref) refs/heads/master refs/remotes/master [2ms]
2024-12-07 15:22:48.672 [warning] [Git][getBranch] No such branch: master
2024-12-07 15:22:48.687 [info] > git for-each-ref --sort -committerdate --format %(refname) %(objectname) %(*objectname) [1ms]
2024-12-07 15:22:48.700 [info] > git status -z -uall [25ms]
2024-12-07 15:22:53.740 [info] [Git][getRemotes] No remotes found in the git config file
2024-12-07 15:22:53.740 [info] > git config --get commit.template [4ms]
2024-12-07 15:22:53.741 [info] > git for-each-ref --format=%(refname)%00%(upstream:short)%00%(objectname)%00%(upstream:track)%00%(upstream:remotename)%00%(upstream:remoteref) refs/heads/master refs/remotes/master [2ms]
2024-12-07 15:22:53.741 [warning] [Git][getBranch] No such branch: master
2024-12-07 15:22:53.757 [info] > git for-each-ref --sort -committerdate --format %(refname) %(objectname) %(*objectname) [6ms]
2024-12-07 15:22:53.773 [info] > git status -z -uall [31ms]
2024-12-07 15:23:26.492 [info] [Git][getRemotes] No remotes found in the git config file
2024-12-07 15:23:26.493 [info] > git config --get commit.template [5ms]
2024-12-07 15:23:26.494 [info] > git for-each-ref --format=%(refname)%00%(upstream:short)%00%(objectname)%00%(upstream:track)%00%(upstream:remotename)%00%(upstream:remoteref) refs/heads/master refs/remotes/master [2ms]
2024-12-07 15:23:26.495 [warning] [Git][getBranch] No such branch: master
2024-12-07 15:23:26.507 [info] > git for-each-ref --sort -committerdate --format %(refname) %(objectname) %(*objectname) [1ms]
2024-12-07 15:23:26.529 [info] > git status -z -uall [33ms]
2024-12-07 15:23:31.592 [info] > git config --get commit.template [4ms]
2024-12-07 15:23:31.594 [info] > git for-each-ref --format=%(refname)%00%(upstream:short)%00%(objectname)%00%(upstream:track)%00%(upstream:remotename)%00%(upstream:remoteref) refs/heads/master refs/remotes/master [3ms]
2024-12-07 15:23:31.594 [warning] [Git][getBranch] No such branch: master
2024-12-07 15:23:31.607 [info] > git for-each-ref --sort -committerdate --format %(refname) %(objectname) %(*objectname) [1ms]
2024-12-07 15:23:31.620 [info] > git status -z -uall [24ms]
2024-12-07 15:23:38.585 [info] > git config --get commit.template [3ms]
2024-12-07 15:23:38.587 [info] > git for-each-ref --format=%(refname)%00%(upstream:short)%00%(objectname)%00%(upstream:track)%00%(upstream:remotename)%00%(upstream:remoteref) refs/heads/master refs/remotes/master [3ms]
2024-12-07 15:23:38.587 [warning] [Git][getBranch] No such branch: master
2024-12-07 15:23:38.597 [info] > git for-each-ref --sort -committerdate --format %(refname) %(objectname) %(*objectname) [2ms]
2024-12-07 15:23:38.613 [info] > git status -z -uall [25ms]
2024-12-07 15:23:45.586 [info] > git config --get commit.template [3ms]
2024-12-07 15:23:45.587 [info] > git for-each-ref --format=%(refname)%00%(upstream:short)%00%(objectname)%00%(upstream:track)%00%(upstream:remotename)%00%(upstream:remoteref) refs/heads/master refs/remotes/master [1ms]
2024-12-07 15:23:45.588 [warning] [Git][getBranch] No such branch: master
2024-12-07 15:23:45.597 [info] > git for-each-ref --sort -committerdate --format %(refname) %(objectname) %(*objectname) [1ms]
2024-12-07 15:23:45.614 [info] > git status -z -uall [24ms]
2024-12-07 15:23:50.661 [info] > git config --get commit.template [5ms]
2024-12-07 15:23:50.662 [info] > git for-each-ref --format=%(refname)%00%(upstream:short)%00%(objectname)%00%(upstream:track)%00%(upstream:remotename)%00%(upstream:remoteref) refs/heads/master refs/remotes/master [2ms]
2024-12-07 15:23:50.663 [warning] [Git][getBranch] No such branch: master
2024-12-07 15:23:50.678 [info] > git for-each-ref --sort -committerdate --format %(refname) %(objectname) %(*objectname) [2ms]
2024-12-07 15:23:50.692 [info] > git status -z -uall [28ms]
2024-12-07 15:23:55.737 [info] > git config --get commit.template [3ms]
2024-12-07 15:23:55.740 [info] > git for-each-ref --format=%(refname)%00%(upstream:short)%00%(objectname)%00%(upstream:track)%00%(upstream:remotename)%00%(upstream:remoteref) refs/heads/master refs/remotes/master [3ms]
2024-12-07 15:23:55.740 [warning] [Git][getBranch] No such branch: master
2024-12-07 15:23:55.747 [info] > git for-each-ref --sort -committerdate --format %(refname) %(objectname) %(*objectname) [1ms]
2024-12-07 15:23:55.766 [info] > git status -z -uall [25ms]
2024-12-07 15:24:00.805 [info] > git config --get commit.template [3ms]
2024-12-07 15:24:00.807 [info] > git for-each-ref --format=%(refname)%00%(upstream:short)%00%(objectname)%00%(upstream:track)%00%(upstream:remotename)%00%(upstream:remoteref) refs/heads/master refs/remotes/master [2ms]
2024-12-07 15:24:00.807 [warning] [Git][getBranch] No such branch: master
2024-12-07 15:24:00.817 [info] > git for-each-ref --sort -committerdate --format %(refname) %(objectname) %(*objectname) [1ms]
2024-12-07 15:24:00.833 [info] > git status -z -uall [24ms]
2024-12-07 15:24:05.873 [info] > git config --get commit.template [4ms]
2024-12-07 15:24:05.874 [info] > git for-each-ref --format=%(refname)%00%(upstream:short)%00%(objectname)%00%(upstream:track)%00%(upstream:remotename)%00%(upstream:remoteref) refs/heads/master refs/remotes/master [2ms]
2024-12-07 15:24:05.874 [warning] [Git][getBranch] No such branch: master
2024-12-07 15:24:05.887 [info] > git for-each-ref --sort -committerdate --format %(refname) %(objectname) %(*objectname) [2ms]
2024-12-07 15:24:05.901 [info] > git status -z -uall [25ms]
2024-12-07 15:24:16.495 [info] > git config --get commit.template [2ms]
2024-12-07 15:24:16.497 [info] > git for-each-ref --format=%(refname)%00%(upstream:short)%00%(objectname)%00%(upstream:track)%00%(upstream:remotename)%00%(upstream:remoteref) refs/heads/master refs/remotes/master [3ms]
2024-12-07 15:24:16.497 [warning] [Git][getBranch] No such branch: master
2024-12-07 15:24:16.512 [info] > git for-each-ref --sort -committerdate --format %(refname) %(objectname) %(*objectname) [7ms]
2024-12-07 15:24:16.528 [info] > git status -z -uall [30ms]
2024-12-07 15:24:17.653 [info] > git check-ignore -v -z --stdin [3ms]
2024-12-07 15:24:18.592 [info] > git config --get commit.template [3ms]
2024-12-07 15:24:18.593 [info] > git for-each-ref --format=%(refname)%00%(upstream:short)%00%(objectname)%00%(upstream:track)%00%(upstream:remotename)%00%(upstream:remoteref) refs/heads/master refs/remotes/master [1ms]
2024-12-07 15:24:18.593 [warning] [Git][getBranch] No such branch: master
2024-12-07 15:24:18.608 [info] > git for-each-ref --sort -committerdate --format %(refname) %(objectname) %(*objectname) [2ms]
2024-12-07 15:24:18.620 [info] > git status -z -uall [25ms]
2024-12-07 15:24:23.661 [info] > git config --get commit.template [3ms]
2024-12-07 15:24:23.663 [info] > git for-each-ref --format=%(refname)%00%(upstream:short)%00%(objectname)%00%(upstream:track)%00%(upstream:remotename)%00%(upstream:remoteref) refs/heads/master refs/remotes/master [2ms]
2024-12-07 15:24:23.663 [warning] [Git][getBranch] No such branch: master
2024-12-07 15:24:23.676 [info] > git for-each-ref --sort -committerdate --format %(refname) %(objectname) %(*objectname) [3ms]
2024-12-07 15:24:23.691 [info] > git status -z -uall [26ms]
2024-12-07 15:24:28.755 [info] > git config --get commit.template [3ms]
2024-12-07 15:24:28.757 [info] > git for-each-ref --format=%(refname)%00%(upstream:short)%00%(objectname)%00%(upstream:track)%00%(upstream:remotename)%00%(upstream:remoteref) refs/heads/master refs/remotes/master [2ms]
2024-12-07 15:24:28.757 [warning] [Git][getBranch] No such branch: master
2024-12-07 15:24:28.767 [info] > git for-each-ref --sort -committerdate --format %(refname) %(objectname) %(*objectname) [2ms]
2024-12-07 15:24:28.783 [info] > git status -z -uall [24ms]
2024-12-07 15:24:33.821 [info] > git config --get commit.template [3ms]
2024-12-07 15:24:33.823 [info] > git for-each-ref --format=%(refname)%00%(upstream:short)%00%(objectname)%00%(upstream:track)%00%(upstream:remotename)%00%(upstream:remoteref) refs/heads/master refs/remotes/master [3ms]
2024-12-07 15:24:33.823 [warning] [Git][getBranch] No such branch: master
2024-12-07 15:24:33.841 [info] > git for-each-ref --sort -committerdate --format %(refname) %(objectname) %(*objectname) [5ms]
2024-12-07 15:24:33.853 [info] > git status -z -uall [28ms]
2024-12-07 15:24:34.528 [info] > git config --get commit.template [4ms]
2024-12-07 15:24:34.530 [info] > git for-each-ref --format=%(refname)%00%(upstream:short)%00%(objectname)%00%(upstream:track)%00%(upstream:remotename)%00%(upstream:remoteref) refs/heads/master refs/remotes/master [1ms]
2024-12-07 15:24:34.540 [info] > git for-each-ref --sort -committerdate --format %(refname) %(objectname) %(*objectname) [2ms]
2024-12-07 15:24:34.559 [info] > git status -z -uall [27ms]
2024-12-07 15:24:34.869 [info] > git log --format=%H%n%aN%n%aE%n%at%n%ct%n%P%n%D%n%B -z --shortstat --diff-merges=first-parent -n50 --skip=0 --topo-order --decorate=full --stdin [5ms]
2024-12-07 15:24:40.596 [info] > git config --get commit.template [4ms]
2024-12-07 15:24:40.600 [info] > git for-each-ref --format=%(refname)%00%(upstream:short)%00%(objectname)%00%(upstream:track)%00%(upstream:remotename)%00%(upstream:remoteref) refs/heads/master refs/remotes/master [4ms]
2024-12-07 15:24:40.618 [info] > git for-each-ref --sort -committerdate --format %(refname) %(objectname) %(*objectname) [2ms]
2024-12-07 15:24:40.633 [info] > git status -z -uall [32ms]
2024-12-07 15:24:45.676 [info] > git config --get commit.template [4ms]
2024-12-07 15:24:45.677 [info] > git for-each-ref --format=%(refname)%00%(upstream:short)%00%(objectname)%00%(upstream:track)%00%(upstream:remotename)%00%(upstream:remoteref) refs/heads/master refs/remotes/master [2ms]
2024-12-07 15:24:45.687 [info] > git for-each-ref --sort -committerdate --format %(refname) %(objectname) %(*objectname) [2ms]
2024-12-07 15:24:45.707 [info] > git status -z -uall [29ms]
2024-12-07 15:24:59.603 [info] > git config --get commit.template [5ms]
2024-12-07 15:24:59.604 [info] > git for-each-ref --format=%(refname)%00%(upstream:short)%00%(objectname)%00%(upstream:track)%00%(upstream:remotename)%00%(upstream:remoteref) refs/heads/master refs/remotes/master [2ms]
2024-12-07 15:24:59.618 [info] > git for-each-ref --sort -committerdate --format %(refname) %(objectname) %(*objectname) [3ms]
2024-12-07 15:24:59.632 [info] > git status -z -uall [25ms]
2024-12-07 15:25:02.073 [info] > git config --get commit.template [4ms]
2024-12-07 15:25:02.113 [info] > git for-each-ref --format=%(refname)%00%(upstream:short)%00%(objectname)%00%(upstream:track)%00%(upstream:remotename)%00%(upstream:remoteref) refs/heads/master refs/remotes/master [23ms]
2024-12-07 15:25:02.128 [info] > git for-each-ref --sort -committerdate --format %(refname) %(objectname) %(*objectname) [2ms]
2024-12-07 15:25:02.149 [info] > git status -z -uall [33ms]
2024-12-07 15:25:10.734 [info] > git config --get commit.template [5ms]
2024-12-07 15:25:10.735 [info] > git for-each-ref --format=%(refname)%00%(upstream:short)%00%(objectname)%00%(upstream:track)%00%(upstream:remotename)%00%(upstream:remoteref) refs/heads/master refs/remotes/master [2ms]
2024-12-07 15:25:10.748 [info] > git for-each-ref --sort -committerdate --format %(refname) %(objectname) %(*objectname) [2ms]
2024-12-07 15:25:10.761 [info] > git status -z -uall [24ms]
2024-12-07 15:25:13.544 [info] > git config --get commit.template [2ms]
2024-12-07 15:25:13.546 [info] > git for-each-ref --format=%(refname)%00%(upstream:short)%00%(objectname)%00%(upstream:track)%00%(upstream:remotename)%00%(upstream:remoteref) refs/heads/master refs/remotes/master [2ms]
2024-12-07 15:25:13.558 [info] > git for-each-ref --sort -committerdate --format %(refname) %(objectname) %(*objectname) [3ms]
2024-12-07 15:25:13.572 [info] > git status -z -uall [24ms]
2024-12-07 15:25:13.960 [info] > git log --format=%H%n%aN%n%aE%n%at%n%ct%n%P%n%D%n%B -z --shortstat --diff-merges=first-parent -n50 --skip=0 --topo-order --decorate=full --stdin [26ms]
2024-12-07 15:25:15.811 [info] > git config --get commit.template [4ms]
2024-12-07 15:25:15.812 [info] > git for-each-ref --format=%(refname)%00%(upstream:short)%00%(objectname)%00%(upstream:track)%00%(upstream:remotename)%00%(upstream:remoteref) refs/heads/master refs/remotes/master [2ms]
2024-12-07 15:25:15.827 [info] > git for-each-ref --sort -committerdate --format %(refname) %(objectname) %(*objectname) [1ms]
2024-12-07 15:25:15.843 [info] > git status -z -uall [27ms]
2024-12-07 15:25:20.887 [info] > git config --get commit.template [4ms]
2024-12-07 15:25:20.890 [info] > git for-each-ref --format=%(refname)%00%(upstream:short)%00%(objectname)%00%(upstream:track)%00%(upstream:remotename)%00%(upstream:remoteref) refs/heads/master refs/remotes/master [3ms]
2024-12-07 15:25:20.903 [info] > git for-each-ref --sort -committerdate --format %(refname) %(objectname) %(*objectname) [2ms]
2024-12-07 15:25:20.917 [info] > git status -z -uall [25ms]
2024-12-07 15:25:22.176 [info] > git config --get commit.template [2ms]
2024-12-07 15:25:22.179 [info] > git for-each-ref --format=%(refname)%00%(upstream:short)%00%(objectname)%00%(upstream:track)%00%(upstream:remotename)%00%(upstream:remoteref) refs/heads/master refs/remotes/master [3ms]
2024-12-07 15:25:22.187 [info] > git for-each-ref --sort -committerdate --format %(refname) %(objectname) %(*objectname) [2ms]
2024-12-07 15:25:22.205 [info] > git status -z -uall [25ms]
2024-12-07 15:25:35.785 [info] > git config --get commit.template [3ms]
2024-12-07 15:25:35.787 [info] > git for-each-ref --format=%(refname)%00%(upstream:short)%00%(objectname)%00%(upstream:track)%00%(upstream:remotename)%00%(upstream:remoteref) refs/heads/master refs/remotes/master [3ms]
2024-12-07 15:25:35.798 [info] > git for-each-ref --sort -committerdate --format %(refname) %(objectname) %(*objectname) [3ms]
2024-12-07 15:25:35.815 [info] > git status -z -uall [27ms]
2024-12-07 15:25:42.269 [info] > git config --get commit.template [3ms]
2024-12-07 15:25:42.271 [info] > git for-each-ref --format=%(refname)%00%(upstream:short)%00%(objectname)%00%(upstream:track)%00%(upstream:remotename)%00%(upstream:remoteref) refs/heads/master refs/remotes/master [2ms]
2024-12-07 15:25:42.288 [info] > git for-each-ref --sort -committerdate --format %(refname) %(objectname) %(*objectname) [2ms]
2024-12-07 15:25:42.304 [info] > git status -z -uall [31ms]
2024-12-07 15:25:47.343 [info] > git config --get commit.template [3ms]
2024-12-07 15:25:47.345 [info] > git for-each-ref --format=%(refname)%00%(upstream:short)%00%(objectname)%00%(upstream:track)%00%(upstream:remotename)%00%(upstream:remoteref) refs/heads/master refs/remotes/master [2ms]
2024-12-07 15:25:47.358 [info] > git for-each-ref --sort -committerdate --format %(refname) %(objectname) %(*objectname) [2ms]
2024-12-07 15:25:47.372 [info] > git status -z -uall [25ms]
2024-12-07 15:26:00.991 [info] > git config --get commit.template [2ms]
2024-12-07 15:26:00.993 [info] > git for-each-ref --format=%(refname)%00%(upstream:short)%00%(objectname)%00%(upstream:track)%00%(upstream:remotename)%00%(upstream:remoteref) refs/heads/master refs/remotes/master [2ms]
2024-12-07 15:26:01.007 [info] > git for-each-ref --sort -committerdate --format %(refname) %(objectname) %(*objectname) [1ms]
2024-12-07 15:26:01.019 [info] > git status -z -uall [24ms]
2024-12-07 15:26:06.067 [info] > git config --get commit.template [3ms]
2024-12-07 15:26:06.068 [info] > git for-each-ref --format=%(refname)%00%(upstream:short)%00%(objectname)%00%(upstream:track)%00%(upstream:remotename)%00%(upstream:remoteref) refs/heads/master refs/remotes/master [1ms]
2024-12-07 15:26:06.077 [info] > git for-each-ref --sort -committerdate --format %(refname) %(objectname) %(*objectname) [1ms]
2024-12-07 15:26:06.097 [info] > git status -z -uall [26ms]
2024-12-07 15:26:12.880 [info] > git config --get commit.template [4ms]
2024-12-07 15:26:12.881 [info] > git for-each-ref --format=%(refname)%00%(upstream:short)%00%(objectname)%00%(upstream:track)%00%(upstream:remotename)%00%(upstream:remoteref) refs/heads/master refs/remotes/master [2ms]
2024-12-07 15:26:12.898 [info] > git for-each-ref --sort -committerdate --format %(refname) %(objectname) %(*objectname) [2ms]
2024-12-07 15:26:12.938 [info] > git status -z -uall [53ms]
2024-12-07 15:26:14.230 [info] > git check-ignore -v -z --stdin [2ms]
2024-12-07 15:26:18.034 [info] > git config --get commit.template [7ms]
2024-12-07 15:26:18.036 [info] > git for-each-ref --format=%(refname)%00%(upstream:short)%00%(objectname)%00%(upstream:track)%00%(upstream:remotename)%00%(upstream:remoteref) refs/heads/master refs/remotes/master [5ms]
2024-12-07 15:26:18.045 [info] > git for-each-ref --sort -committerdate --format %(refname) %(objectname) %(*objectname) [2ms]
2024-12-07 15:26:18.068 [info] > git status -z -uall [31ms]
2024-12-07 15:26:20.371 [info] > git config --get commit.template [3ms]
2024-12-07 15:26:20.372 [info] > git for-each-ref --format=%(refname)%00%(upstream:short)%00%(objectname)%00%(upstream:track)%00%(upstream:remotename)%00%(upstream:remoteref) refs/heads/master refs/remotes/master [2ms]
2024-12-07 15:26:20.388 [info] > git for-each-ref --sort -committerdate --format %(refname) %(objectname) %(*objectname) [11ms]
2024-12-07 15:26:20.413 [info] > git status -z -uall [39ms]
2024-12-07 15:26:23.126 [info] > git config --get commit.template [6ms]
2024-12-07 15:26:23.129 [info] > git for-each-ref --format=%(refname)%00%(upstream:short)%00%(objectname)%00%(upstream:track)%00%(upstream:remotename)%00%(upstream:remoteref) refs/heads/master refs/remotes/master [4ms]
2024-12-07 15:26:23.140 [info] > git for-each-ref --sort -committerdate --format %(refname) %(objectname) %(*objectname) [2ms]
2024-12-07 15:26:23.173 [info] > git status -z -uall [41ms]
2024-12-07 15:26:24.065 [info] > git check-ignore -v -z --stdin [4ms]
2024-12-07 15:26:24.068 [info] > git check-ignore -v -z --stdin [4ms]
2024-12-07 15:26:25.085 [info] > git log --format=%H%n%aN%n%aE%n%at%n%ct%n%P%n%D%n%B -z --shortstat --diff-merges=first-parent -n50 --skip=0 --topo-order --decorate=full --stdin [1656ms]
2024-12-07 15:26:26.189 [info] > git config --get commit.template [4ms]
2024-12-07 15:26:26.191 [info] > git for-each-ref --format=%(refname)%00%(upstream:short)%00%(objectname)%00%(upstream:track)%00%(upstream:remotename)%00%(upstream:remoteref) refs/heads/master refs/remotes/master [3ms]
2024-12-07 15:26:26.204 [info] > git for-each-ref --sort -committerdate --format %(refname) %(objectname) %(*objectname) [9ms]
2024-12-07 15:26:26.219 [info] > git status -z -uall [26ms]
2024-12-07 15:26:34.606 [info] > git config --get commit.template [3ms]
2024-12-07 15:26:34.608 [info] > git for-each-ref --format=%(refname)%00%(upstream:short)%00%(objectname)%00%(upstream:track)%00%(upstream:remotename)%00%(upstream:remoteref) refs/heads/master refs/remotes/master [2ms]
2024-12-07 15:26:34.624 [info] > git for-each-ref --sort -committerdate --format %(refname) %(objectname) %(*objectname) [11ms]
2024-12-07 15:26:34.636 [info] > git status -z -uall [27ms]
2024-12-07 15:26:35.437 [info] > git check-ignore -v -z --stdin [2ms]
2024-12-07 15:26:39.651 [info] > git config --get commit.template [4ms]
2024-12-07 15:26:39.653 [info] > git for-each-ref --format=%(refname)%00%(upstream:short)%00%(objectname)%00%(upstream:track)%00%(upstream:remotename)%00%(upstream:remoteref) refs/heads/master refs/remotes/master [4ms]
2024-12-07 15:26:39.665 [info] > git for-each-ref --sort -committerdate --format %(refname) %(objectname) %(*objectname) [6ms]
2024-12-07 15:26:39.682 [info] > git status -z -uall [28ms]
