2024-12-07 14:45:56.369 [info] [main] Log level: Info
2024-12-07 14:45:56.369 [info] [main] Validating found git in: "git"
2024-12-07 14:45:56.369 [info] [main] Using git "2.40.1" from "git"
2024-12-07 14:45:56.369 [info] [Model][doInitialScan] Initial repository scan started
2024-12-07 14:45:56.370 [info] > git rev-parse --show-toplevel [3ms]
2024-12-07 14:45:56.370 [info] > git rev-parse --git-dir --git-common-dir [2ms]
2024-12-07 14:45:56.370 [info] [Model][openRepository] Opened repository: /home/ec2-user
2024-12-07 14:45:56.370 [info] > git config --get commit.template [3ms]
2024-12-07 14:45:56.370 [info] [Git][getRemotes] No remotes found in the git config file
2024-12-07 14:45:56.370 [info] > git rev-parse --show-toplevel [4ms]
2024-12-07 14:45:56.370 [info] > git for-each-ref --format=%(refname)%00%(upstream:short)%00%(objectname)%00%(upstream:track)%00%(upstream:remotename)%00%(upstream:remoteref) refs/heads/master refs/remotes/master [4ms]
2024-12-07 14:45:56.370 [warning] [Git][getBranch] No such branch: master
2024-12-07 14:45:56.370 [info] > git rev-parse --show-toplevel [12ms]
2024-12-07 14:45:56.370 [info] > git for-each-ref --sort -committerdate --format %(refname) %(objectname) %(*objectname) [4ms]
2024-12-07 14:45:56.370 [info] > git rev-parse --show-toplevel [6ms]
2024-12-07 14:45:56.370 [info] > git status -z -uall [22ms]
2024-12-07 14:45:56.370 [info] > git for-each-ref --format=%(refname)%00%(upstream:short)%00%(objectname)%00%(upstream:track)%00%(upstream:remotename)%00%(upstream:remoteref) refs/heads/master refs/remotes/master [345ms]
2024-12-07 14:45:56.370 [warning] [Git][getBranch] No such branch: master
2024-12-07 14:45:56.370 [error] [GitHistoryProvider][resolveHEADMergeBase] Failed to resolve merge base for master: Error: No such branch: master.
2024-12-07 14:45:56.370 [info] > git rev-parse --show-toplevel [407ms]
2024-12-07 14:45:56.370 [info] > git config --get commit.template [101ms]
2024-12-07 14:45:56.370 [info] [Git][getRemotes] No remotes found in the git config file
2024-12-07 14:45:56.370 [info] > git rev-parse --git-dir --git-common-dir [23ms]
2024-12-07 14:45:56.370 [info] [Model][openRepository] Opened repository: /home/ec2-user/git-graph-project
2024-12-07 14:45:56.370 [info] [Model][doInitialScan] Initial repository scan completed - repositories (2), closed repositories (0), parent repositories (0), unsafe repositories (0)
2024-12-07 14:45:56.370 [info] > git for-each-ref --format=%(refname)%00%(upstream:short)%00%(objectname)%00%(upstream:track)%00%(upstream:remotename)%00%(upstream:remoteref) refs/heads/master refs/remotes/master [14ms]
2024-12-07 14:45:56.370 [warning] [Git][getBranch] No such branch: master
2024-12-07 14:45:56.370 [info] > git config --get commit.template [13ms]
2024-12-07 14:45:56.375 [info] > git for-each-ref --sort -committerdate --format %(refname) %(objectname) %(*objectname) [9ms]
2024-12-07 14:45:56.382 [info] > git for-each-ref --format=%(refname)%00%(upstream:short)%00%(objectname)%00%(upstream:track)%00%(upstream:remotename)%00%(upstream:remoteref) refs/heads/master refs/remotes/master [10ms]
2024-12-07 14:45:56.392 [info] > git status -z -uall [34ms]
2024-12-07 14:45:56.392 [info] > git status -z -uall [6ms]
2024-12-07 14:45:56.436 [info] > git for-each-ref --sort -committerdate --format %(refname) %(objectname) %(*objectname) [48ms]
2024-12-07 14:45:56.453 [info] > git for-each-ref --format=%(refname)%00%(upstream:short)%00%(objectname)%00%(upstream:track)%00%(upstream:remotename)%00%(upstream:remoteref) refs/heads/master refs/remotes/master [6ms]
2024-12-07 14:45:56.457 [info] > git config --get commit.template [4ms]
2024-12-07 14:45:56.461 [info] > git config --local branch.master.vscode-merge-base [5ms]
2024-12-07 14:45:56.461 [warning] [Git][config] git config failed: Failed to execute git
2024-12-07 14:45:56.463 [info] > git for-each-ref --format=%(refname)%00%(upstream:short)%00%(objectname)%00%(upstream:track)%00%(upstream:remotename)%00%(upstream:remoteref) refs/heads/master refs/remotes/master [3ms]
2024-12-07 14:45:56.471 [info] > git status -z -uall [4ms]
2024-12-07 14:45:56.471 [info] > git reflog master --grep-reflog=branch: Created from *. [8ms]
2024-12-07 14:45:56.474 [info] > git for-each-ref --sort -committerdate --format %(refname) %(objectname) %(*objectname) [4ms]
2024-12-07 14:45:56.479 [info] > git symbolic-ref --short refs/remotes/origin/HEAD [6ms]
2024-12-07 14:45:56.480 [info] fatal: ref refs/remotes/origin/HEAD is not a symbolic ref
2024-12-07 14:45:56.480 [warning] [Repository][getDefaultBranch] Failed to get default branch details: Failed to execute git.
2024-12-07 14:45:56.484 [info] > git for-each-ref --format=%(refname)%00%(upstream:short)%00%(objectname)%00%(upstream:track)%00%(upstream:remotename)%00%(upstream:remoteref) refs/heads/master refs/remotes/master [6ms]
2024-12-07 14:45:56.487 [info] > git merge-base refs/heads/master refs/remotes/origin/master [4ms]
2024-12-07 14:45:56.490 [info] > git config --local branch.master.vscode-merge-base [4ms]
2024-12-07 14:45:56.490 [warning] [Git][config] git config failed: Failed to execute git
2024-12-07 14:45:56.494 [info] > git diff --name-status -z --diff-filter=ADMR 56515d5c8c1cee3563276689585d51c7f7cf8ba2...refs/remotes/origin/master [4ms]
2024-12-07 14:45:56.497 [info] > git reflog master --grep-reflog=branch: Created from *. [3ms]
2024-12-07 14:45:56.723 [info] > git symbolic-ref --short refs/remotes/origin/HEAD [224ms]
2024-12-07 14:45:56.723 [info] fatal: ref refs/remotes/origin/HEAD is not a symbolic ref
2024-12-07 14:45:56.723 [warning] [Repository][getDefaultBranch] Failed to get default branch details: Failed to execute git.
2024-12-07 14:45:56.774 [info] > git check-ignore -v -z --stdin [2ms]
2024-12-07 14:45:57.350 [info] > git check-ignore -v -z --stdin [14ms]
2024-12-07 14:45:57.350 [info] > git check-ignore -v -z --stdin [11ms]
2024-12-07 14:45:59.703 [info] [Git][getRemotes] No remotes found in the git config file
2024-12-07 14:45:59.703 [info] > git config --get commit.template [3ms]
2024-12-07 14:45:59.705 [info] > git for-each-ref --format=%(refname)%00%(upstream:short)%00%(objectname)%00%(upstream:track)%00%(upstream:remotename)%00%(upstream:remoteref) refs/heads/master refs/remotes/master [2ms]
2024-12-07 14:45:59.706 [warning] [Git][getBranch] No such branch: master
2024-12-07 14:45:59.717 [info] > git for-each-ref --sort -committerdate --format %(refname) %(objectname) %(*objectname) [2ms]
2024-12-07 14:45:59.730 [info] > git status -z -uall [23ms]
2024-12-07 14:46:08.706 [info] [Git][getRemotes] No remotes found in the git config file
2024-12-07 14:46:08.707 [info] > git config --get commit.template [4ms]
2024-12-07 14:46:08.708 [info] > git for-each-ref --format=%(refname)%00%(upstream:short)%00%(objectname)%00%(upstream:track)%00%(upstream:remotename)%00%(upstream:remoteref) refs/heads/master refs/remotes/master [3ms]
2024-12-07 14:46:08.708 [warning] [Git][getBranch] No such branch: master
2024-12-07 14:46:08.723 [info] > git for-each-ref --sort -committerdate --format %(refname) %(objectname) %(*objectname) [6ms]
2024-12-07 14:46:08.728 [info] > git status -z -uall [17ms]
2024-12-07 14:46:13.764 [info] [Git][getRemotes] No remotes found in the git config file
2024-12-07 14:46:13.765 [info] > git config --get commit.template [3ms]
2024-12-07 14:46:13.766 [info] > git for-each-ref --format=%(refname)%00%(upstream:short)%00%(objectname)%00%(upstream:track)%00%(upstream:remotename)%00%(upstream:remoteref) refs/heads/master refs/remotes/master [2ms]
2024-12-07 14:46:13.766 [warning] [Git][getBranch] No such branch: master
2024-12-07 14:46:13.778 [info] > git for-each-ref --sort -committerdate --format %(refname) %(objectname) %(*objectname) [2ms]
2024-12-07 14:46:13.786 [info] > git status -z -uall [18ms]
2024-12-07 14:46:17.847 [warning] [Git][getHEAD] Failed to parse HEAD file: ENOENT: no such file or directory, open '/home/ec2-user/git-graph-project/.git/HEAD'
2024-12-07 14:46:17.851 [warning] [Git][getRemotes] Error: ENOENT: no such file or directory, open '/home/ec2-user/git-graph-project/.git/config'
2024-12-07 14:46:17.855 [warning] [Git][getHEAD] Failed to parse HEAD file: ENOENT: no such file or directory, open '/home/ec2-user/git-graph-project/.git/HEAD'
2024-12-07 14:46:17.858 [warning] [Git][getRemotes] Error: ENOENT: no such file or directory, open '/home/ec2-user/git-graph-project/.git/config'
2024-12-07 14:46:18.658 [info] > git check-ignore -v -z --stdin [2ms]
2024-12-07 14:46:18.812 [info] [Git][getRemotes] No remotes found in the git config file
2024-12-07 14:46:18.813 [info] > git config --get commit.template [3ms]
2024-12-07 14:46:18.814 [info] > git for-each-ref --format=%(refname)%00%(upstream:short)%00%(objectname)%00%(upstream:track)%00%(upstream:remotename)%00%(upstream:remoteref) refs/heads/master refs/remotes/master [2ms]
2024-12-07 14:46:18.814 [warning] [Git][getBranch] No such branch: master
2024-12-07 14:46:18.828 [info] > git for-each-ref --sort -committerdate --format %(refname) %(objectname) %(*objectname) [3ms]
2024-12-07 14:46:18.835 [info] > git status -z -uall [19ms]
2024-12-07 14:46:32.713 [info] [Git][getRemotes] No remotes found in the git config file
2024-12-07 14:46:32.714 [info] > git config --get commit.template [4ms]
2024-12-07 14:46:32.716 [info] > git for-each-ref --format=%(refname)%00%(upstream:short)%00%(objectname)%00%(upstream:track)%00%(upstream:remotename)%00%(upstream:remoteref) refs/heads/master refs/remotes/master [3ms]
2024-12-07 14:46:32.716 [warning] [Git][getBranch] No such branch: master
2024-12-07 14:46:32.724 [info] > git for-each-ref --sort -committerdate --format %(refname) %(objectname) %(*objectname) [1ms]
2024-12-07 14:46:32.733 [info] > git status -z -uall [15ms]
2024-12-07 14:46:46.644 [info] > git check-ignore -v -z --stdin [2ms]
2024-12-07 14:46:49.722 [info] [Git][getRemotes] No remotes found in the git config file
2024-12-07 14:46:49.722 [info] > git config --get commit.template [4ms]
2024-12-07 14:46:49.723 [info] > git for-each-ref --format=%(refname)%00%(upstream:short)%00%(objectname)%00%(upstream:track)%00%(upstream:remotename)%00%(upstream:remoteref) refs/heads/master refs/remotes/master [2ms]
2024-12-07 14:46:49.724 [warning] [Git][getBranch] No such branch: master
2024-12-07 14:46:49.738 [info] > git for-each-ref --sort -committerdate --format %(refname) %(objectname) %(*objectname) [2ms]
2024-12-07 14:46:49.746 [info] > git status -z -uall [21ms]
2024-12-07 14:46:54.782 [info] [Git][getRemotes] No remotes found in the git config file
2024-12-07 14:46:54.782 [info] > git config --get commit.template [4ms]
2024-12-07 14:46:54.783 [info] > git for-each-ref --format=%(refname)%00%(upstream:short)%00%(objectname)%00%(upstream:track)%00%(upstream:remotename)%00%(upstream:remoteref) refs/heads/master refs/remotes/master [2ms]
2024-12-07 14:46:54.784 [warning] [Git][getBranch] No such branch: master
2024-12-07 14:46:54.797 [info] > git for-each-ref --sort -committerdate --format %(refname) %(objectname) %(*objectname) [2ms]
2024-12-07 14:46:54.807 [info] > git status -z -uall [22ms]
2024-12-07 14:47:00.725 [info] [Git][getRemotes] No remotes found in the git config file
2024-12-07 14:47:00.726 [info] > git config --get commit.template [4ms]
2024-12-07 14:47:00.728 [info] > git for-each-ref --format=%(refname)%00%(upstream:short)%00%(objectname)%00%(upstream:track)%00%(upstream:remotename)%00%(upstream:remoteref) refs/heads/master refs/remotes/master [2ms]
2024-12-07 14:47:00.728 [warning] [Git][getBranch] No such branch: master
2024-12-07 14:47:00.743 [info] > git for-each-ref --sort -committerdate --format %(refname) %(objectname) %(*objectname) [8ms]
2024-12-07 14:47:00.746 [info] > git status -z -uall [17ms]
2024-12-07 14:47:05.778 [info] [Git][getRemotes] No remotes found in the git config file
2024-12-07 14:47:05.778 [info] > git config --get commit.template [4ms]
2024-12-07 14:47:05.779 [info] > git for-each-ref --format=%(refname)%00%(upstream:short)%00%(objectname)%00%(upstream:track)%00%(upstream:remotename)%00%(upstream:remoteref) refs/heads/master refs/remotes/master [1ms]
2024-12-07 14:47:05.779 [warning] [Git][getBranch] No such branch: master
2024-12-07 14:47:05.794 [info] > git for-each-ref --sort -committerdate --format %(refname) %(objectname) %(*objectname) [9ms]
2024-12-07 14:47:05.796 [info] > git status -z -uall [14ms]
2024-12-07 14:47:14.737 [info] [Git][getRemotes] No remotes found in the git config file
2024-12-07 14:47:14.738 [info] > git config --get commit.template [10ms]
2024-12-07 14:47:14.739 [info] > git for-each-ref --format=%(refname)%00%(upstream:short)%00%(objectname)%00%(upstream:track)%00%(upstream:remotename)%00%(upstream:remoteref) refs/heads/master refs/remotes/master [2ms]
2024-12-07 14:47:14.739 [warning] [Git][getBranch] No such branch: master
2024-12-07 14:47:14.761 [info] > git for-each-ref --sort -committerdate --format %(refname) %(objectname) %(*objectname) [5ms]
2024-12-07 14:47:14.767 [info] > git status -z -uall [22ms]
2024-12-07 14:47:19.793 [info] [Git][getRemotes] No remotes found in the git config file
2024-12-07 14:47:19.793 [info] > git config --get commit.template [4ms]
2024-12-07 14:47:19.795 [info] > git for-each-ref --format=%(refname)%00%(upstream:short)%00%(objectname)%00%(upstream:track)%00%(upstream:remotename)%00%(upstream:remoteref) refs/heads/master refs/remotes/master [2ms]
2024-12-07 14:47:19.795 [warning] [Git][getBranch] No such branch: master
2024-12-07 14:47:19.803 [info] > git for-each-ref --sort -committerdate --format %(refname) %(objectname) %(*objectname) [1ms]
2024-12-07 14:47:19.812 [info] > git status -z -uall [15ms]
2024-12-07 14:47:24.894 [info] [Git][getRemotes] No remotes found in the git config file
2024-12-07 14:47:24.895 [info] > git config --get commit.template [5ms]
2024-12-07 14:47:24.896 [info] > git for-each-ref --format=%(refname)%00%(upstream:short)%00%(objectname)%00%(upstream:track)%00%(upstream:remotename)%00%(upstream:remoteref) refs/heads/master refs/remotes/master [2ms]
2024-12-07 14:47:24.896 [warning] [Git][getBranch] No such branch: master
2024-12-07 14:47:24.907 [info] > git for-each-ref --sort -committerdate --format %(refname) %(objectname) %(*objectname) [1ms]
2024-12-07 14:47:24.915 [info] > git status -z -uall [17ms]
2024-12-07 14:47:26.531 [info] [Git][getRemotes] No remotes found in the git config file
2024-12-07 14:47:26.531 [info] > git config --get commit.template [4ms]
2024-12-07 14:47:26.532 [info] > git for-each-ref --format=%(refname)%00%(upstream:short)%00%(objectname)%00%(upstream:track)%00%(upstream:remotename)%00%(upstream:remoteref) refs/heads/master refs/remotes/master [2ms]
2024-12-07 14:47:26.533 [warning] [Git][getBranch] No such branch: master
2024-12-07 14:47:26.548 [info] > git for-each-ref --sort -committerdate --format %(refname) %(objectname) %(*objectname) [3ms]
2024-12-07 14:47:26.548 [info] > git status -z -uall [14ms]
2024-12-07 14:47:29.940 [info] [Git][getRemotes] No remotes found in the git config file
2024-12-07 14:47:29.941 [info] > git config --get commit.template [4ms]
2024-12-07 14:47:29.942 [info] > git for-each-ref --format=%(refname)%00%(upstream:short)%00%(objectname)%00%(upstream:track)%00%(upstream:remotename)%00%(upstream:remoteref) refs/heads/master refs/remotes/master [2ms]
2024-12-07 14:47:29.942 [warning] [Git][getBranch] No such branch: master
2024-12-07 14:47:29.957 [info] > git for-each-ref --sort -committerdate --format %(refname) %(objectname) %(*objectname) [2ms]
2024-12-07 14:47:29.957 [info] > git status -z -uall [14ms]
2024-12-07 14:47:39.737 [info] [Git][getRemotes] No remotes found in the git config file
2024-12-07 14:47:39.738 [info] > git config --get commit.template [3ms]
2024-12-07 14:47:39.739 [info] > git for-each-ref --format=%(refname)%00%(upstream:short)%00%(objectname)%00%(upstream:track)%00%(upstream:remotename)%00%(upstream:remoteref) refs/heads/master refs/remotes/master [2ms]
2024-12-07 14:47:39.739 [warning] [Git][getBranch] No such branch: master
2024-12-07 14:47:39.754 [info] > git for-each-ref --sort -committerdate --format %(refname) %(objectname) %(*objectname) [8ms]
2024-12-07 14:47:39.756 [info] > git status -z -uall [16ms]
2024-12-07 14:47:44.785 [info] [Git][getRemotes] No remotes found in the git config file
2024-12-07 14:47:44.785 [info] > git config --get commit.template [4ms]
2024-12-07 14:47:44.786 [info] > git for-each-ref --format=%(refname)%00%(upstream:short)%00%(objectname)%00%(upstream:track)%00%(upstream:remotename)%00%(upstream:remoteref) refs/heads/master refs/remotes/master [2ms]
2024-12-07 14:47:44.786 [warning] [Git][getBranch] No such branch: master
2024-12-07 14:47:44.797 [info] > git for-each-ref --sort -committerdate --format %(refname) %(objectname) %(*objectname) [2ms]
2024-12-07 14:47:44.803 [info] > git status -z -uall [16ms]
2024-12-07 14:47:49.835 [info] [Git][getRemotes] No remotes found in the git config file
2024-12-07 14:47:49.835 [info] > git config --get commit.template [3ms]
2024-12-07 14:47:49.836 [info] > git for-each-ref --format=%(refname)%00%(upstream:short)%00%(objectname)%00%(upstream:track)%00%(upstream:remotename)%00%(upstream:remoteref) refs/heads/master refs/remotes/master [1ms]
2024-12-07 14:47:49.836 [warning] [Git][getBranch] No such branch: master
2024-12-07 14:47:49.847 [info] > git for-each-ref --sort -committerdate --format %(refname) %(objectname) %(*objectname) [2ms]
2024-12-07 14:47:49.856 [info] > git status -z -uall [17ms]
2024-12-07 14:47:54.885 [info] [Git][getRemotes] No remotes found in the git config file
2024-12-07 14:47:54.886 [info] > git config --get commit.template [4ms]
2024-12-07 14:47:54.887 [info] > git for-each-ref --format=%(refname)%00%(upstream:short)%00%(objectname)%00%(upstream:track)%00%(upstream:remotename)%00%(upstream:remoteref) refs/heads/master refs/remotes/master [2ms]
2024-12-07 14:47:54.887 [warning] [Git][getBranch] No such branch: master
2024-12-07 14:47:54.903 [info] > git for-each-ref --sort -committerdate --format %(refname) %(objectname) %(*objectname) [8ms]
2024-12-07 14:47:54.907 [info] > git status -z -uall [17ms]
2024-12-07 14:47:59.933 [info] [Git][getRemotes] No remotes found in the git config file
2024-12-07 14:47:59.933 [info] > git config --get commit.template [4ms]
2024-12-07 14:47:59.934 [info] > git for-each-ref --format=%(refname)%00%(upstream:short)%00%(objectname)%00%(upstream:track)%00%(upstream:remotename)%00%(upstream:remoteref) refs/heads/master refs/remotes/master [2ms]
2024-12-07 14:47:59.934 [warning] [Git][getBranch] No such branch: master
2024-12-07 14:47:59.947 [info] > git for-each-ref --sort -committerdate --format %(refname) %(objectname) %(*objectname) [1ms]
2024-12-07 14:47:59.952 [info] > git status -z -uall [16ms]
2024-12-07 14:48:06.623 [info] [Git][getRemotes] No remotes found in the git config file
2024-12-07 14:48:06.623 [info] > git config --get commit.template [3ms]
2024-12-07 14:48:06.625 [info] > git for-each-ref --format=%(refname)%00%(upstream:short)%00%(objectname)%00%(upstream:track)%00%(upstream:remotename)%00%(upstream:remoteref) refs/heads/master refs/remotes/master [3ms]
2024-12-07 14:48:06.625 [warning] [Git][getBranch] No such branch: master
2024-12-07 14:48:06.637 [info] > git for-each-ref --sort -committerdate --format %(refname) %(objectname) %(*objectname) [1ms]
2024-12-07 14:48:06.642 [info] > git status -z -uall [16ms]
2024-12-07 14:48:06.854 [info] [Git][getRemotes] No remotes found in the git config file
2024-12-07 14:48:06.858 [info] > git config --get commit.template [7ms]
2024-12-07 14:48:06.860 [info] > git for-each-ref --format=%(refname)%00%(upstream:short)%00%(objectname)%00%(upstream:track)%00%(upstream:remotename)%00%(upstream:remoteref) refs/heads/master refs/remotes/master [6ms]
2024-12-07 14:48:06.860 [warning] [Git][getBranch] No such branch: master
2024-12-07 14:48:06.873 [info] > git for-each-ref --sort -committerdate --format %(refname) %(objectname) %(*objectname) [7ms]
2024-12-07 14:48:06.878 [info] > git status -z -uall [17ms]
2024-12-07 14:48:10.727 [info] [Git][getRemotes] No remotes found in the git config file
2024-12-07 14:48:10.728 [info] > git config --get commit.template [4ms]
2024-12-07 14:48:10.729 [info] > git for-each-ref --format=%(refname)%00%(upstream:short)%00%(objectname)%00%(upstream:track)%00%(upstream:remotename)%00%(upstream:remoteref) refs/heads/master refs/remotes/master [2ms]
2024-12-07 14:48:10.729 [warning] [Git][getBranch] No such branch: master
2024-12-07 14:48:10.743 [info] > git for-each-ref --sort -committerdate --format %(refname) %(objectname) %(*objectname) [7ms]
2024-12-07 14:48:10.748 [info] > git status -z -uall [18ms]
2024-12-07 14:48:11.898 [info] [Git][getRemotes] No remotes found in the git config file
2024-12-07 14:48:11.899 [info] > git config --get commit.template [3ms]
2024-12-07 14:48:11.901 [info] > git for-each-ref --format=%(refname)%00%(upstream:short)%00%(objectname)%00%(upstream:track)%00%(upstream:remotename)%00%(upstream:remoteref) refs/heads/master refs/remotes/master [3ms]
2024-12-07 14:48:11.901 [warning] [Git][getBranch] No such branch: master
2024-12-07 14:48:11.915 [info] > git for-each-ref --sort -committerdate --format %(refname) %(objectname) %(*objectname) [2ms]
2024-12-07 14:48:11.916 [info] > git status -z -uall [14ms]
2024-12-07 14:48:16.945 [info] [Git][getRemotes] No remotes found in the git config file
2024-12-07 14:48:16.945 [info] > git config --get commit.template [2ms]
2024-12-07 14:48:16.947 [info] > git for-each-ref --format=%(refname)%00%(upstream:short)%00%(objectname)%00%(upstream:track)%00%(upstream:remotename)%00%(upstream:remoteref) refs/heads/master refs/remotes/master [2ms]
2024-12-07 14:48:16.947 [warning] [Git][getBranch] No such branch: master
2024-12-07 14:48:16.957 [info] > git for-each-ref --sort -committerdate --format %(refname) %(objectname) %(*objectname) [2ms]
2024-12-07 14:48:16.963 [info] > git status -z -uall [14ms]
2024-12-07 14:48:23.196 [info] [Git][getRemotes] No remotes found in the git config file
2024-12-07 14:48:23.196 [info] > git config --get commit.template [3ms]
2024-12-07 14:48:23.198 [info] > git for-each-ref --format=%(refname)%00%(upstream:short)%00%(objectname)%00%(upstream:track)%00%(upstream:remotename)%00%(upstream:remoteref) refs/heads/master refs/remotes/master [2ms]
2024-12-07 14:48:23.198 [warning] [Git][getBranch] No such branch: master
2024-12-07 14:48:23.207 [info] > git for-each-ref --sort -committerdate --format %(refname) %(objectname) %(*objectname) [1ms]
2024-12-07 14:48:23.215 [info] > git status -z -uall [15ms]
2024-12-07 14:48:30.816 [info] [Git][getRemotes] No remotes found in the git config file
2024-12-07 14:48:30.816 [info] > git config --get commit.template [3ms]
2024-12-07 14:48:30.818 [info] > git for-each-ref --format=%(refname)%00%(upstream:short)%00%(objectname)%00%(upstream:track)%00%(upstream:remotename)%00%(upstream:remoteref) refs/heads/master refs/remotes/master [2ms]
2024-12-07 14:48:30.818 [warning] [Git][getBranch] No such branch: master
2024-12-07 14:48:30.828 [info] > git for-each-ref --sort -committerdate --format %(refname) %(objectname) %(*objectname) [1ms]
2024-12-07 14:48:30.836 [info] > git status -z -uall [16ms]
2024-12-07 14:48:30.863 [info] [Git][getRemotes] No remotes found in the git config file
2024-12-07 14:48:30.863 [info] > git config --get commit.template [3ms]
2024-12-07 14:48:30.865 [info] > git for-each-ref --format=%(refname)%00%(upstream:short)%00%(objectname)%00%(upstream:track)%00%(upstream:remotename)%00%(upstream:remoteref) refs/heads/master refs/remotes/master [2ms]
2024-12-07 14:48:30.866 [warning] [Git][getBranch] No such branch: master
2024-12-07 14:48:30.877 [info] > git for-each-ref --sort -committerdate --format %(refname) %(objectname) %(*objectname) [2ms]
2024-12-07 14:48:30.884 [info] > git status -z -uall [17ms]
2024-12-07 14:48:36.849 [info] [Git][getRemotes] No remotes found in the git config file
2024-12-07 14:48:36.850 [info] > git config --get commit.template [3ms]
2024-12-07 14:48:36.852 [info] > git for-each-ref --format=%(refname)%00%(upstream:short)%00%(objectname)%00%(upstream:track)%00%(upstream:remotename)%00%(upstream:remoteref) refs/heads/master refs/remotes/master [3ms]
2024-12-07 14:48:36.852 [warning] [Git][getBranch] No such branch: master
2024-12-07 14:48:36.866 [info] > git for-each-ref --sort -committerdate --format %(refname) %(objectname) %(*objectname) [1ms]
2024-12-07 14:48:36.867 [info] > git status -z -uall [14ms]
2024-12-07 14:48:44.983 [info] [Git][getRemotes] No remotes found in the git config file
2024-12-07 14:48:44.984 [info] > git config --get commit.template [4ms]
2024-12-07 14:48:44.985 [info] > git for-each-ref --format=%(refname)%00%(upstream:short)%00%(objectname)%00%(upstream:track)%00%(upstream:remotename)%00%(upstream:remoteref) refs/heads/master refs/remotes/master [2ms]
2024-12-07 14:48:44.985 [warning] [Git][getBranch] No such branch: master
2024-12-07 14:48:44.997 [info] > git for-each-ref --sort -committerdate --format %(refname) %(objectname) %(*objectname) [1ms]
2024-12-07 14:48:45.003 [info] > git status -z -uall [16ms]
2024-12-07 14:48:48.134 [info] [Git][getRemotes] No remotes found in the git config file
2024-12-07 14:48:48.136 [info] > git config --get commit.template [5ms]
2024-12-07 14:48:48.137 [info] > git for-each-ref --format=%(refname)%00%(upstream:short)%00%(objectname)%00%(upstream:track)%00%(upstream:remotename)%00%(upstream:remoteref) refs/heads/master refs/remotes/master [4ms]
2024-12-07 14:48:48.137 [warning] [Git][getBranch] No such branch: master
2024-12-07 14:48:48.148 [info] > git for-each-ref --sort -committerdate --format %(refname) %(objectname) %(*objectname) [2ms]
2024-12-07 14:48:48.154 [info] > git status -z -uall [15ms]
2024-12-07 14:48:48.940 [info] [Git][getRemotes] No remotes found in the git config file
2024-12-07 14:48:48.941 [info] > git config --get commit.template [3ms]
2024-12-07 14:48:48.943 [info] > git for-each-ref --format=%(refname)%00%(upstream:short)%00%(objectname)%00%(upstream:track)%00%(upstream:remotename)%00%(upstream:remoteref) refs/heads/master refs/remotes/master [3ms]
2024-12-07 14:48:48.943 [warning] [Git][getBranch] No such branch: master
2024-12-07 14:48:48.956 [info] > git for-each-ref --sort -committerdate --format %(refname) %(objectname) %(*objectname) [2ms]
2024-12-07 14:48:48.960 [info] > git status -z -uall [16ms]
2024-12-07 14:48:53.182 [info] [Git][getRemotes] No remotes found in the git config file
2024-12-07 14:48:53.183 [info] > git config --get commit.template [4ms]
2024-12-07 14:48:53.184 [info] > git for-each-ref --format=%(refname)%00%(upstream:short)%00%(objectname)%00%(upstream:track)%00%(upstream:remotename)%00%(upstream:remoteref) refs/heads/master refs/remotes/master [2ms]
2024-12-07 14:48:53.185 [warning] [Git][getBranch] No such branch: master
2024-12-07 14:48:53.197 [info] > git for-each-ref --sort -committerdate --format %(refname) %(objectname) %(*objectname) [1ms]
2024-12-07 14:48:53.202 [info] > git status -z -uall [16ms]
2024-12-07 14:49:02.715 [info] [Git][getRemotes] No remotes found in the git config file
2024-12-07 14:49:02.716 [info] > git config --get commit.template [4ms]
2024-12-07 14:49:02.718 [info] > git for-each-ref --format=%(refname)%00%(upstream:short)%00%(objectname)%00%(upstream:track)%00%(upstream:remotename)%00%(upstream:remoteref) refs/heads/master refs/remotes/master [3ms]
2024-12-07 14:49:02.718 [warning] [Git][getBranch] No such branch: master
2024-12-07 14:49:02.727 [info] > git for-each-ref --sort -committerdate --format %(refname) %(objectname) %(*objectname) [1ms]
2024-12-07 14:49:02.734 [info] > git status -z -uall [14ms]
2024-12-07 14:49:07.769 [info] [Git][getRemotes] No remotes found in the git config file
2024-12-07 14:49:07.769 [info] > git config --get commit.template [5ms]
2024-12-07 14:49:07.771 [info] > git for-each-ref --format=%(refname)%00%(upstream:short)%00%(objectname)%00%(upstream:track)%00%(upstream:remotename)%00%(upstream:remoteref) refs/heads/master refs/remotes/master [2ms]
2024-12-07 14:49:07.771 [warning] [Git][getBranch] No such branch: master
2024-12-07 14:49:07.785 [info] > git for-each-ref --sort -committerdate --format %(refname) %(objectname) %(*objectname) [9ms]
2024-12-07 14:49:07.787 [info] > git status -z -uall [15ms]
2024-12-07 14:49:53.870 [info] [Git][getRemotes] No remotes found in the git config file
2024-12-07 14:49:53.870 [info] > git config --get commit.template [4ms]
2024-12-07 14:49:53.872 [info] > git for-each-ref --format=%(refname)%00%(upstream:short)%00%(objectname)%00%(upstream:track)%00%(upstream:remotename)%00%(upstream:remoteref) refs/heads/master refs/remotes/master [3ms]
2024-12-07 14:49:53.872 [warning] [Git][getBranch] No such branch: master
2024-12-07 14:49:53.885 [info] > git for-each-ref --sort -committerdate --format %(refname) %(objectname) %(*objectname) [7ms]
2024-12-07 14:49:53.891 [info] > git status -z -uall [17ms]
2024-12-07 14:49:58.922 [info] [Git][getRemotes] No remotes found in the git config file
2024-12-07 14:49:58.923 [info] > git config --get commit.template [3ms]
2024-12-07 14:49:58.925 [info] > git for-each-ref --format=%(refname)%00%(upstream:short)%00%(objectname)%00%(upstream:track)%00%(upstream:remotename)%00%(upstream:remoteref) refs/heads/master refs/remotes/master [3ms]
2024-12-07 14:49:58.925 [warning] [Git][getBranch] No such branch: master
2024-12-07 14:49:58.937 [info] > git for-each-ref --sort -committerdate --format %(refname) %(objectname) %(*objectname) [2ms]
2024-12-07 14:49:58.947 [info] > git status -z -uall [21ms]
2024-12-07 14:50:03.974 [info] [Git][getRemotes] No remotes found in the git config file
2024-12-07 14:50:03.974 [info] > git config --get commit.template [4ms]
2024-12-07 14:50:03.976 [info] > git for-each-ref --format=%(refname)%00%(upstream:short)%00%(objectname)%00%(upstream:track)%00%(upstream:remotename)%00%(upstream:remoteref) refs/heads/master refs/remotes/master [3ms]
2024-12-07 14:50:03.976 [warning] [Git][getBranch] No such branch: master
2024-12-07 14:50:03.985 [info] > git for-each-ref --sort -committerdate --format %(refname) %(objectname) %(*objectname) [1ms]
2024-12-07 14:50:03.993 [info] > git status -z -uall [15ms]
2024-12-07 14:50:08.985 [info] [Git][getRemotes] No remotes found in the git config file
2024-12-07 14:50:08.986 [info] > git config --get commit.template [4ms]
2024-12-07 14:50:08.987 [info] > git for-each-ref --format=%(refname)%00%(upstream:short)%00%(objectname)%00%(upstream:track)%00%(upstream:remotename)%00%(upstream:remoteref) refs/heads/master refs/remotes/master [2ms]
2024-12-07 14:50:08.987 [warning] [Git][getBranch] No such branch: master
2024-12-07 14:50:08.998 [info] > git for-each-ref --sort -committerdate --format %(refname) %(objectname) %(*objectname) [2ms]
2024-12-07 14:50:09.004 [info] > git status -z -uall [15ms]
2024-12-07 14:50:19.537 [info] > git log --format=%H%n%aN%n%aE%n%at%n%ct%n%P%n%D%n%B -z --shortstat --diff-merges=first-parent -n50 --skip=0 --topo-order --decorate=full --stdin [26ms]
2024-12-07 14:50:19.537 [info] fatal: bad revision 'refs/heads/master'
2024-12-07 14:50:19.538 [error] [GitHistoryProvider][provideHistoryItems] Failed to get history items with options '{"historyItemRefs":["refs/heads/master"],"limit":50,"skip":0}': Failed to execute git {
  "exitCode": 128,
  "gitCommand": "log",
  "stdout": "",
  "stderr": "fatal: bad revision 'refs/heads/master'\n"
}
2024-12-07 14:50:19.893 [info] [Git][getRemotes] No remotes found in the git config file
2024-12-07 14:50:19.893 [info] > git config --get commit.template [3ms]
2024-12-07 14:50:19.894 [info] > git for-each-ref --format=%(refname)%00%(upstream:short)%00%(objectname)%00%(upstream:track)%00%(upstream:remotename)%00%(upstream:remoteref) refs/heads/master refs/remotes/master [1ms]
2024-12-07 14:50:19.894 [warning] [Git][getBranch] No such branch: master
2024-12-07 14:50:19.908 [info] > git for-each-ref --sort -committerdate --format %(refname) %(objectname) %(*objectname) [3ms]
2024-12-07 14:50:19.911 [info] > git status -z -uall [15ms]
2024-12-07 14:50:20.139 [info] > git check-ignore -v -z --stdin [3ms]
2024-12-07 14:50:28.766 [info] [Git][getRemotes] No remotes found in the git config file
2024-12-07 14:50:28.767 [info] > git config --get commit.template [3ms]
2024-12-07 14:50:28.768 [info] > git for-each-ref --format=%(refname)%00%(upstream:short)%00%(objectname)%00%(upstream:track)%00%(upstream:remotename)%00%(upstream:remoteref) refs/heads/master refs/remotes/master [2ms]
2024-12-07 14:50:28.768 [warning] [Git][getBranch] No such branch: master
2024-12-07 14:50:28.778 [info] > git for-each-ref --sort -committerdate --format %(refname) %(objectname) %(*objectname) [2ms]
2024-12-07 14:50:28.786 [info] > git status -z -uall [17ms]
2024-12-07 14:50:33.895 [info] [Git][getRemotes] No remotes found in the git config file
2024-12-07 14:50:33.896 [info] > git config --get commit.template [4ms]
2024-12-07 14:50:33.897 [info] > git for-each-ref --format=%(refname)%00%(upstream:short)%00%(objectname)%00%(upstream:track)%00%(upstream:remotename)%00%(upstream:remoteref) refs/heads/master refs/remotes/master [2ms]
2024-12-07 14:50:33.897 [warning] [Git][getBranch] No such branch: master
2024-12-07 14:50:33.907 [info] > git for-each-ref --sort -committerdate --format %(refname) %(objectname) %(*objectname) [1ms]
2024-12-07 14:50:33.913 [info] > git status -z -uall [14ms]
2024-12-07 14:50:34.627 [info] > git check-ignore -v -z --stdin [3ms]
2024-12-07 14:50:36.623 [info] > git log --format=%H%n%aN%n%aE%n%at%n%ct%n%P%n%D%n%B -z --shortstat --diff-merges=first-parent -n50 --skip=0 --topo-order --decorate=full --stdin [4ms]
2024-12-07 14:50:36.623 [info] fatal: bad revision 'refs/heads/master'
2024-12-07 14:50:36.623 [error] [GitHistoryProvider][provideHistoryItems] Failed to get history items with options '{"historyItemRefs":["refs/heads/master"],"limit":50,"skip":0}': Failed to execute git {
  "exitCode": 128,
  "gitCommand": "log",
  "stdout": "",
  "stderr": "fatal: bad revision 'refs/heads/master'\n"
}
2024-12-07 14:50:38.941 [info] [Git][getRemotes] No remotes found in the git config file
2024-12-07 14:50:38.942 [info] > git config --get commit.template [4ms]
2024-12-07 14:50:38.944 [info] > git for-each-ref --format=%(refname)%00%(upstream:short)%00%(objectname)%00%(upstream:track)%00%(upstream:remotename)%00%(upstream:remoteref) refs/heads/master refs/remotes/master [2ms]
2024-12-07 14:50:38.944 [warning] [Git][getBranch] No such branch: master
2024-12-07 14:50:38.957 [info] > git for-each-ref --sort -committerdate --format %(refname) %(objectname) %(*objectname) [2ms]
2024-12-07 14:50:38.961 [info] > git status -z -uall [15ms]
2024-12-07 14:50:43.987 [info] [Git][getRemotes] No remotes found in the git config file
2024-12-07 14:50:43.987 [info] > git config --get commit.template [4ms]
2024-12-07 14:50:43.988 [info] > git for-each-ref --format=%(refname)%00%(upstream:short)%00%(objectname)%00%(upstream:track)%00%(upstream:remotename)%00%(upstream:remoteref) refs/heads/master refs/remotes/master [2ms]
2024-12-07 14:50:43.988 [warning] [Git][getBranch] No such branch: master
2024-12-07 14:50:43.997 [info] > git for-each-ref --sort -committerdate --format %(refname) %(objectname) %(*objectname) [1ms]
2024-12-07 14:50:44.006 [info] > git status -z -uall [16ms]
2024-12-07 14:50:49.033 [info] [Git][getRemotes] No remotes found in the git config file
2024-12-07 14:50:49.033 [info] > git config --get commit.template [4ms]
2024-12-07 14:50:49.034 [info] > git for-each-ref --format=%(refname)%00%(upstream:short)%00%(objectname)%00%(upstream:track)%00%(upstream:remotename)%00%(upstream:remoteref) refs/heads/master refs/remotes/master [2ms]
2024-12-07 14:50:49.034 [warning] [Git][getBranch] No such branch: master
2024-12-07 14:50:49.047 [info] > git for-each-ref --sort -committerdate --format %(refname) %(objectname) %(*objectname) [1ms]
2024-12-07 14:50:49.053 [info] > git status -z -uall [17ms]
2024-12-07 14:54:01.655 [info] [Git][getRemotes] No remotes found in the git config file
2024-12-07 14:54:01.655 [info] > git config --get commit.template [3ms]
2024-12-07 14:54:01.657 [info] > git for-each-ref --format=%(refname)%00%(upstream:short)%00%(objectname)%00%(upstream:track)%00%(upstream:remotename)%00%(upstream:remoteref) refs/heads/master refs/remotes/master [2ms]
2024-12-07 14:54:01.657 [warning] [Git][getBranch] No such branch: master
2024-12-07 14:54:01.667 [info] > git for-each-ref --sort -committerdate --format %(refname) %(objectname) %(*objectname) [1ms]
2024-12-07 14:54:01.679 [info] > git status -z -uall [20ms]
2024-12-07 15:00:42.924 [info] [Git][getRemotes] No remotes found in the git config file
2024-12-07 15:00:42.925 [info] > git config --get commit.template [4ms]
2024-12-07 15:00:42.926 [info] > git for-each-ref --format=%(refname)%00%(upstream:short)%00%(objectname)%00%(upstream:track)%00%(upstream:remotename)%00%(upstream:remoteref) refs/heads/master refs/remotes/master [3ms]
2024-12-07 15:00:42.926 [warning] [Git][getBranch] No such branch: master
2024-12-07 15:00:42.938 [info] > git for-each-ref --sort -committerdate --format %(refname) %(objectname) %(*objectname) [2ms]
2024-12-07 15:00:42.945 [info] > git status -z -uall [18ms]
2024-12-07 15:01:23.865 [info] [Git][getRemotes] No remotes found in the git config file
2024-12-07 15:01:23.866 [info] > git config --get commit.template [3ms]
2024-12-07 15:01:23.868 [info] > git for-each-ref --format=%(refname)%00%(upstream:short)%00%(objectname)%00%(upstream:track)%00%(upstream:remotename)%00%(upstream:remoteref) refs/heads/master refs/remotes/master [3ms]
2024-12-07 15:01:23.868 [warning] [Git][getBranch] No such branch: master
2024-12-07 15:01:23.886 [info] > git for-each-ref --sort -committerdate --format %(refname) %(objectname) %(*objectname) [2ms]
2024-12-07 15:01:23.887 [info] > git status -z -uall [14ms]
2024-12-07 15:02:44.800 [info] [Git][getRemotes] No remotes found in the git config file
2024-12-07 15:02:44.801 [info] > git config --get commit.template [4ms]
2024-12-07 15:02:44.802 [info] > git for-each-ref --format=%(refname)%00%(upstream:short)%00%(objectname)%00%(upstream:track)%00%(upstream:remotename)%00%(upstream:remoteref) refs/heads/master refs/remotes/master [2ms]
2024-12-07 15:02:44.802 [warning] [Git][getBranch] No such branch: master
2024-12-07 15:02:44.818 [info] > git for-each-ref --sort -committerdate --format %(refname) %(objectname) %(*objectname) [3ms]
2024-12-07 15:02:44.819 [info] > git status -z -uall [15ms]
2024-12-07 15:02:49.849 [info] [Git][getRemotes] No remotes found in the git config file
2024-12-07 15:02:49.850 [info] > git config --get commit.template [4ms]
2024-12-07 15:02:49.851 [info] > git for-each-ref --format=%(refname)%00%(upstream:short)%00%(objectname)%00%(upstream:track)%00%(upstream:remotename)%00%(upstream:remoteref) refs/heads/master refs/remotes/master [2ms]
2024-12-07 15:02:49.851 [warning] [Git][getBranch] No such branch: master
2024-12-07 15:02:49.866 [info] > git for-each-ref --sort -committerdate --format %(refname) %(objectname) %(*objectname) [9ms]
2024-12-07 15:02:49.868 [info] > git status -z -uall [16ms]
2024-12-07 15:09:23.848 [info] [Git][getRemotes] No remotes found in the git config file
2024-12-07 15:09:23.849 [info] > git config --get commit.template [4ms]
2024-12-07 15:09:23.850 [info] > git for-each-ref --format=%(refname)%00%(upstream:short)%00%(objectname)%00%(upstream:track)%00%(upstream:remotename)%00%(upstream:remoteref) refs/heads/master refs/remotes/master [2ms]
2024-12-07 15:09:23.850 [warning] [Git][getBranch] No such branch: master
2024-12-07 15:09:23.867 [info] > git for-each-ref --sort -committerdate --format %(refname) %(objectname) %(*objectname) [3ms]
2024-12-07 15:09:23.870 [info] > git status -z -uall [18ms]
2024-12-07 15:19:52.172 [info] [Git][getRemotes] No remotes found in the git config file
2024-12-07 15:19:52.172 [info] > git config --get commit.template [3ms]
2024-12-07 15:19:52.174 [info] > git for-each-ref --format=%(refname)%00%(upstream:short)%00%(objectname)%00%(upstream:track)%00%(upstream:remotename)%00%(upstream:remoteref) refs/heads/master refs/remotes/master [2ms]
2024-12-07 15:19:52.174 [warning] [Git][getBranch] No such branch: master
2024-12-07 15:19:52.187 [info] > git for-each-ref --sort -committerdate --format %(refname) %(objectname) %(*objectname) [1ms]
2024-12-07 15:19:52.193 [info] > git status -z -uall [17ms]
2024-12-07 15:19:57.225 [info] [Git][getRemotes] No remotes found in the git config file
2024-12-07 15:19:57.226 [info] > git config --get commit.template [3ms]
2024-12-07 15:19:57.227 [info] > git for-each-ref --format=%(refname)%00%(upstream:short)%00%(objectname)%00%(upstream:track)%00%(upstream:remotename)%00%(upstream:remoteref) refs/heads/master refs/remotes/master [2ms]
2024-12-07 15:19:57.227 [warning] [Git][getBranch] No such branch: master
2024-12-07 15:19:57.239 [info] > git for-each-ref --sort -committerdate --format %(refname) %(objectname) %(*objectname) [4ms]
2024-12-07 15:19:57.246 [info] > git status -z -uall [17ms]
2024-12-07 15:20:03.214 [info] [Git][getRemotes] No remotes found in the git config file
2024-12-07 15:20:03.215 [info] > git config --get commit.template [4ms]
2024-12-07 15:20:03.216 [info] > git for-each-ref --format=%(refname)%00%(upstream:short)%00%(objectname)%00%(upstream:track)%00%(upstream:remotename)%00%(upstream:remoteref) refs/heads/master refs/remotes/master [2ms]
2024-12-07 15:20:03.216 [warning] [Git][getBranch] No such branch: master
2024-12-07 15:20:03.227 [info] > git for-each-ref --sort -committerdate --format %(refname) %(objectname) %(*objectname) [1ms]
2024-12-07 15:20:03.233 [info] > git status -z -uall [14ms]
2024-12-07 15:20:06.582 [info] [Git][getRemotes] No remotes found in the git config file
2024-12-07 15:20:06.582 [info] > git config --get commit.template [3ms]
2024-12-07 15:20:06.584 [info] > git for-each-ref --format=%(refname)%00%(upstream:short)%00%(objectname)%00%(upstream:track)%00%(upstream:remotename)%00%(upstream:remoteref) refs/heads/master refs/remotes/master [3ms]
2024-12-07 15:20:06.584 [warning] [Git][getBranch] No such branch: master
2024-12-07 15:20:06.597 [info] > git for-each-ref --sort -committerdate --format %(refname) %(objectname) %(*objectname) [2ms]
2024-12-07 15:20:06.599 [info] > git status -z -uall [14ms]
2024-12-07 15:20:08.260 [info] [Git][getRemotes] No remotes found in the git config file
2024-12-07 15:20:08.260 [info] > git config --get commit.template [3ms]
2024-12-07 15:20:08.261 [info] > git for-each-ref --format=%(refname)%00%(upstream:short)%00%(objectname)%00%(upstream:track)%00%(upstream:remotename)%00%(upstream:remoteref) refs/heads/master refs/remotes/master [1ms]
2024-12-07 15:20:08.262 [warning] [Git][getBranch] No such branch: master
2024-12-07 15:20:08.277 [info] > git for-each-ref --sort -committerdate --format %(refname) %(objectname) %(*objectname) [2ms]
2024-12-07 15:20:08.277 [info] > git status -z -uall [14ms]
2024-12-07 15:20:15.218 [info] [Git][getRemotes] No remotes found in the git config file
2024-12-07 15:20:15.218 [info] > git config --get commit.template [4ms]
2024-12-07 15:20:15.219 [info] > git for-each-ref --format=%(refname)%00%(upstream:short)%00%(objectname)%00%(upstream:track)%00%(upstream:remotename)%00%(upstream:remoteref) refs/heads/master refs/remotes/master [1ms]
2024-12-07 15:20:15.219 [warning] [Git][getBranch] No such branch: master
2024-12-07 15:20:15.234 [info] > git for-each-ref --sort -committerdate --format %(refname) %(objectname) %(*objectname) [9ms]
2024-12-07 15:20:15.235 [info] > git status -z -uall [14ms]
2024-12-07 15:20:17.785 [info] [Git][getRemotes] No remotes found in the git config file
2024-12-07 15:20:17.785 [info] > git config --get commit.template [4ms]
2024-12-07 15:20:17.786 [info] > git for-each-ref --format=%(refname)%00%(upstream:short)%00%(objectname)%00%(upstream:track)%00%(upstream:remotename)%00%(upstream:remoteref) refs/heads/master refs/remotes/master [1ms]
2024-12-07 15:20:17.786 [warning] [Git][getBranch] No such branch: master
2024-12-07 15:20:17.801 [info] > git for-each-ref --sort -committerdate --format %(refname) %(objectname) %(*objectname) [8ms]
2024-12-07 15:20:17.803 [info] > git status -z -uall [16ms]
2024-12-07 15:20:22.275 [info] [Git][getRemotes] No remotes found in the git config file
2024-12-07 15:20:22.275 [info] > git config --get commit.template [3ms]
2024-12-07 15:20:22.276 [info] > git for-each-ref --format=%(refname)%00%(upstream:short)%00%(objectname)%00%(upstream:track)%00%(upstream:remotename)%00%(upstream:remoteref) refs/heads/master refs/remotes/master [2ms]
2024-12-07 15:20:22.276 [warning] [Git][getBranch] No such branch: master
2024-12-07 15:20:22.287 [info] > git for-each-ref --sort -committerdate --format %(refname) %(objectname) %(*objectname) [1ms]
2024-12-07 15:20:22.294 [info] > git status -z -uall [14ms]
2024-12-07 15:20:27.314 [info] [Git][getRemotes] No remotes found in the git config file
2024-12-07 15:20:27.314 [info] > git config --get commit.template [3ms]
2024-12-07 15:20:27.316 [info] > git for-each-ref --format=%(refname)%00%(upstream:short)%00%(objectname)%00%(upstream:track)%00%(upstream:remotename)%00%(upstream:remoteref) refs/heads/master refs/remotes/master [3ms]
2024-12-07 15:20:27.316 [warning] [Git][getBranch] No such branch: master
2024-12-07 15:20:27.328 [info] > git for-each-ref --sort -committerdate --format %(refname) %(objectname) %(*objectname) [2ms]
2024-12-07 15:20:27.332 [info] > git status -z -uall [15ms]
2024-12-07 15:20:32.361 [info] [Git][getRemotes] No remotes found in the git config file
2024-12-07 15:20:32.361 [info] > git config --get commit.template [3ms]
2024-12-07 15:20:32.363 [info] > git for-each-ref --format=%(refname)%00%(upstream:short)%00%(objectname)%00%(upstream:track)%00%(upstream:remotename)%00%(upstream:remoteref) refs/heads/master refs/remotes/master [2ms]
2024-12-07 15:20:32.363 [warning] [Git][getBranch] No such branch: master
2024-12-07 15:20:32.383 [info] > git for-each-ref --sort -committerdate --format %(refname) %(objectname) %(*objectname) [7ms]
2024-12-07 15:20:32.386 [info] > git status -z -uall [22ms]
2024-12-07 15:20:37.409 [info] [Git][getRemotes] No remotes found in the git config file
2024-12-07 15:20:37.409 [info] > git config --get commit.template [4ms]
2024-12-07 15:20:37.410 [info] > git for-each-ref --format=%(refname)%00%(upstream:short)%00%(objectname)%00%(upstream:track)%00%(upstream:remotename)%00%(upstream:remoteref) refs/heads/master refs/remotes/master [1ms]
2024-12-07 15:20:37.410 [warning] [Git][getBranch] No such branch: master
2024-12-07 15:20:37.425 [info] > git for-each-ref --sort -committerdate --format %(refname) %(objectname) %(*objectname) [2ms]
2024-12-07 15:20:37.426 [info] > git status -z -uall [14ms]
2024-12-07 15:20:45.101 [info] [Git][getRemotes] No remotes found in the git config file
2024-12-07 15:20:45.102 [info] > git config --get commit.template [4ms]
2024-12-07 15:20:45.104 [info] > git for-each-ref --format=%(refname)%00%(upstream:short)%00%(objectname)%00%(upstream:track)%00%(upstream:remotename)%00%(upstream:remoteref) refs/heads/master refs/remotes/master [3ms]
2024-12-07 15:20:45.104 [warning] [Git][getBranch] No such branch: master
2024-12-07 15:20:45.117 [info] > git for-each-ref --sort -committerdate --format %(refname) %(objectname) %(*objectname) [2ms]
2024-12-07 15:20:45.120 [info] > git status -z -uall [15ms]
2024-12-07 15:20:54.755 [info] [Git][getRemotes] No remotes found in the git config file
2024-12-07 15:20:54.755 [info] > git config --get commit.template [3ms]
2024-12-07 15:20:54.757 [info] > git for-each-ref --format=%(refname)%00%(upstream:short)%00%(objectname)%00%(upstream:track)%00%(upstream:remotename)%00%(upstream:remoteref) refs/heads/master refs/remotes/master [2ms]
2024-12-07 15:20:54.757 [warning] [Git][getBranch] No such branch: master
2024-12-07 15:20:54.767 [info] > git for-each-ref --sort -committerdate --format %(refname) %(objectname) %(*objectname) [1ms]
2024-12-07 15:20:54.778 [info] > git status -z -uall [19ms]
2024-12-07 15:20:59.803 [info] [Git][getRemotes] No remotes found in the git config file
2024-12-07 15:20:59.806 [info] > git config --get commit.template [5ms]
2024-12-07 15:20:59.808 [info] > git for-each-ref --format=%(refname)%00%(upstream:short)%00%(objectname)%00%(upstream:track)%00%(upstream:remotename)%00%(upstream:remoteref) refs/heads/master refs/remotes/master [2ms]
2024-12-07 15:20:59.808 [warning] [Git][getBranch] No such branch: master
2024-12-07 15:20:59.822 [info] > git for-each-ref --sort -committerdate --format %(refname) %(objectname) %(*objectname) [8ms]
2024-12-07 15:20:59.825 [info] > git status -z -uall [16ms]
2024-12-07 15:21:04.410 [info] [Git][getRemotes] No remotes found in the git config file
2024-12-07 15:21:04.410 [info] > git config --get commit.template [2ms]
2024-12-07 15:21:04.412 [info] > git for-each-ref --format=%(refname)%00%(upstream:short)%00%(objectname)%00%(upstream:track)%00%(upstream:remotename)%00%(upstream:remoteref) refs/heads/master refs/remotes/master [2ms]
2024-12-07 15:21:04.412 [warning] [Git][getBranch] No such branch: master
2024-12-07 15:21:04.427 [info] > git for-each-ref --sort -committerdate --format %(refname) %(objectname) %(*objectname) [2ms]
2024-12-07 15:21:04.429 [info] > git status -z -uall [15ms]
2024-12-07 15:21:11.663 [info] [Git][getRemotes] No remotes found in the git config file
2024-12-07 15:21:11.664 [info] > git config --get commit.template [3ms]
2024-12-07 15:21:11.665 [info] > git for-each-ref --format=%(refname)%00%(upstream:short)%00%(objectname)%00%(upstream:track)%00%(upstream:remotename)%00%(upstream:remoteref) refs/heads/master refs/remotes/master [2ms]
2024-12-07 15:21:11.665 [warning] [Git][getBranch] No such branch: master
2024-12-07 15:21:11.677 [info] > git for-each-ref --sort -committerdate --format %(refname) %(objectname) %(*objectname) [1ms]
2024-12-07 15:21:11.681 [info] > git status -z -uall [14ms]
2024-12-07 15:21:18.152 [info] [Git][getRemotes] No remotes found in the git config file
2024-12-07 15:21:18.153 [info] > git config --get commit.template [5ms]
2024-12-07 15:21:18.154 [info] > git for-each-ref --format=%(refname)%00%(upstream:short)%00%(objectname)%00%(upstream:track)%00%(upstream:remotename)%00%(upstream:remoteref) refs/heads/master refs/remotes/master [2ms]
2024-12-07 15:21:18.154 [warning] [Git][getBranch] No such branch: master
2024-12-07 15:21:18.168 [info] > git for-each-ref --sort -committerdate --format %(refname) %(objectname) %(*objectname) [2ms]
2024-12-07 15:21:18.172 [info] > git status -z -uall [16ms]
2024-12-07 15:21:23.197 [info] [Git][getRemotes] No remotes found in the git config file
2024-12-07 15:21:23.197 [info] > git config --get commit.template [3ms]
2024-12-07 15:21:23.199 [info] > git for-each-ref --format=%(refname)%00%(upstream:short)%00%(objectname)%00%(upstream:track)%00%(upstream:remotename)%00%(upstream:remoteref) refs/heads/master refs/remotes/master [2ms]
2024-12-07 15:21:23.199 [warning] [Git][getBranch] No such branch: master
2024-12-07 15:21:23.207 [info] > git for-each-ref --sort -committerdate --format %(refname) %(objectname) %(*objectname) [2ms]
2024-12-07 15:21:23.215 [info] > git status -z -uall [15ms]
