2024-12-07 14:35:57.657 [info] [main] Log level: Info
2024-12-07 14:35:57.657 [info] [main] Validating found git in: "git"
2024-12-07 14:35:57.657 [info] [main] Using git "2.40.1" from "git"
2024-12-07 14:35:57.657 [info] [Model][doInitialScan] Initial repository scan started
2024-12-07 14:35:57.657 [info] > git rev-parse --show-toplevel [3ms]
2024-12-07 14:35:57.657 [info] > git rev-parse --git-dir --git-common-dir [3ms]
2024-12-07 14:35:57.657 [info] [Model][openRepository] Opened repository: /home/ec2-user/git-graph-project
2024-12-07 14:35:57.657 [info] [Model][doInitialScan] Initial repository scan completed - repositories (1), closed repositories (0), parent repositories (0), unsafe repositories (0)
2024-12-07 14:35:57.657 [info] [Git][getRemotes] No remotes found in the git config file
2024-12-07 14:35:57.657 [info] > git config --get commit.template [8ms]
2024-12-07 14:35:57.657 [info] > git for-each-ref --format=%(refname)%00%(upstream:short)%00%(objectname)%00%(upstream:track)%00%(upstream:remotename)%00%(upstream:remoteref) refs/heads/master refs/remotes/master [4ms]
2024-12-07 14:35:57.657 [warning] [Git][getBranch] No such branch: master
2024-12-07 14:35:57.657 [info] > git status -z -uall [5ms]
2024-12-07 14:35:57.657 [info] > git for-each-ref --sort -committerdate --format %(refname) %(objectname) %(*objectname) [2ms]
2024-12-07 14:35:57.657 [info] > git for-each-ref --format=%(refname)%00%(upstream:short)%00%(objectname)%00%(upstream:track)%00%(upstream:remotename)%00%(upstream:remoteref) refs/heads/master refs/remotes/master [6ms]
2024-12-07 14:35:57.657 [warning] [Git][getBranch] No such branch: master
2024-12-07 14:35:57.657 [error] [GitHistoryProvider][resolveHEADMergeBase] Failed to resolve merge base for master: Error: No such branch: master.
2024-12-07 14:35:57.657 [info] [Git][getRemotes] No remotes found in the git config file
2024-12-07 14:35:57.657 [info] > git config --get commit.template [4ms]
2024-12-07 14:35:57.657 [info] > git for-each-ref --format=%(refname)%00%(upstream:short)%00%(objectname)%00%(upstream:track)%00%(upstream:remotename)%00%(upstream:remoteref) refs/heads/master refs/remotes/master [2ms]
2024-12-07 14:35:57.657 [warning] [Git][getBranch] No such branch: master
2024-12-07 14:35:57.657 [info] > git status -z -uall [5ms]
2024-12-07 14:35:57.657 [info] > git for-each-ref --sort -committerdate --format %(refname) %(objectname) %(*objectname) [2ms]
2024-12-07 14:35:58.200 [info] > git check-ignore -v -z --stdin [2ms]
2024-12-07 14:36:09.221 [info] > git show --textconv :file.txt [4ms]
2024-12-07 14:36:09.223 [info] > git ls-files --stage -- /home/ec2-user/git-graph-project/file.txt [3ms]
2024-12-07 14:36:09.227 [info] > git cat-file -s 6eaf244c28dbcfe3e5c7c3e40e2d32b9fff690a2 [2ms]
2024-12-07 14:36:12.304 [info] > git log --format=%H%n%aN%n%aE%n%at%n%ct%n%P%n%D%n%B -z --shortstat --diff-merges=first-parent -n50 --skip=0 --topo-order --decorate=full --stdin [29ms]
2024-12-07 14:36:12.304 [info] fatal: bad revision 'refs/heads/master'
2024-12-07 14:36:12.304 [error] [GitHistoryProvider][provideHistoryItems] Failed to get history items with options '{"historyItemRefs":["refs/heads/master"],"limit":50,"skip":0}': Failed to execute git {
  "exitCode": 128,
  "gitCommand": "log",
  "stdout": "",
  "stderr": "fatal: bad revision 'refs/heads/master'\n"
}
2024-12-07 14:36:43.795 [info] [Git][getRemotes] No remotes found in the git config file
2024-12-07 14:36:43.795 [info] > git config --get commit.template [5ms]
2024-12-07 14:36:43.796 [info] > git for-each-ref --format=%(refname)%00%(upstream:short)%00%(objectname)%00%(upstream:track)%00%(upstream:remotename)%00%(upstream:remoteref) refs/heads/master refs/remotes/master [2ms]
2024-12-07 14:36:43.796 [warning] [Git][getBranch] No such branch: master
2024-12-07 14:36:43.802 [info] > git status -z -uall [4ms]
2024-12-07 14:36:43.803 [info] > git for-each-ref --sort -committerdate --format %(refname) %(objectname) %(*objectname) [2ms]
2024-12-07 14:36:45.008 [info] [Git][getRemotes] No remotes found in the git config file
2024-12-07 14:36:45.008 [info] > git config --get commit.template [4ms]
2024-12-07 14:36:45.009 [info] > git for-each-ref --format=%(refname)%00%(upstream:short)%00%(objectname)%00%(upstream:track)%00%(upstream:remotename)%00%(upstream:remoteref) refs/heads/master refs/remotes/master [1ms]
2024-12-07 14:36:45.009 [warning] [Git][getBranch] No such branch: master
2024-12-07 14:36:45.015 [info] > git status -z -uall [4ms]
2024-12-07 14:36:45.017 [info] > git for-each-ref --sort -committerdate --format %(refname) %(objectname) %(*objectname) [2ms]
2024-12-07 14:36:47.678 [info] > git ls-files --stage -- /home/ec2-user/git-graph-project/file.txt [3ms]
2024-12-07 14:36:47.682 [info] > git cat-file -s b9a6fe1e80f023089156eac598d7ac2533d714cb [2ms]
2024-12-07 14:36:47.869 [info] > git show --textconv :file.txt [2ms]
2024-12-07 14:36:48.812 [info] [Git][getRemotes] No remotes found in the git config file
2024-12-07 14:36:48.813 [info] > git config --get commit.template [3ms]
2024-12-07 14:36:48.814 [info] > git for-each-ref --format=%(refname)%00%(upstream:short)%00%(objectname)%00%(upstream:track)%00%(upstream:remotename)%00%(upstream:remoteref) refs/heads/master refs/remotes/master [2ms]
2024-12-07 14:36:48.814 [warning] [Git][getBranch] No such branch: master
2024-12-07 14:36:48.819 [info] > git status -z -uall [3ms]
2024-12-07 14:36:48.824 [info] > git for-each-ref --sort -committerdate --format %(refname) %(objectname) %(*objectname) [4ms]
2024-12-07 14:36:49.502 [info] [Git][getRemotes] No remotes found in the git config file
2024-12-07 14:36:49.502 [info] > git config --get commit.template [4ms]
2024-12-07 14:36:49.503 [info] > git for-each-ref --format=%(refname)%00%(upstream:short)%00%(objectname)%00%(upstream:track)%00%(upstream:remotename)%00%(upstream:remoteref) refs/heads/master refs/remotes/master [1ms]
2024-12-07 14:36:49.509 [info] > git status -z -uall [3ms]
2024-12-07 14:36:49.510 [info] > git for-each-ref --sort -committerdate --format %(refname) %(objectname) %(*objectname) [2ms]
2024-12-07 14:36:49.726 [info] > git log --format=%H%n%aN%n%aE%n%at%n%ct%n%P%n%D%n%B -z --shortstat --diff-merges=first-parent -n50 --skip=0 --topo-order --decorate=full --stdin [3ms]
2024-12-07 14:36:50.840 [info] > git ls-files --stage -- /home/ec2-user/git-graph-project/file.txt [2ms]
2024-12-07 14:36:50.842 [info] > git cat-file -s b9a6fe1e80f023089156eac598d7ac2533d714cb [1ms]
2024-12-07 14:36:51.028 [info] > git show --textconv :file.txt [2ms]
2024-12-07 14:36:54.876 [info] [Git][getRemotes] No remotes found in the git config file
2024-12-07 14:36:54.877 [info] > git config --get commit.template [4ms]
2024-12-07 14:36:54.879 [info] > git for-each-ref --format=%(refname)%00%(upstream:short)%00%(objectname)%00%(upstream:track)%00%(upstream:remotename)%00%(upstream:remoteref) refs/heads/master refs/remotes/master [3ms]
2024-12-07 14:36:54.884 [info] > git status -z -uall [3ms]
2024-12-07 14:36:54.885 [info] > git for-each-ref --sort -committerdate --format %(refname) %(objectname) %(*objectname) [2ms]
2024-12-07 14:36:59.550 [info] [Git][getRemotes] No remotes found in the git config file
2024-12-07 14:36:59.551 [info] > git config --get commit.template [3ms]
2024-12-07 14:36:59.552 [info] > git for-each-ref --format=%(refname)%00%(upstream:short)%00%(objectname)%00%(upstream:track)%00%(upstream:remotename)%00%(upstream:remoteref) refs/heads/master refs/remotes/master [2ms]
2024-12-07 14:36:59.558 [info] > git status -z -uall [4ms]
2024-12-07 14:36:59.562 [info] > git for-each-ref --sort -committerdate --format %(refname) %(objectname) %(*objectname) [4ms]
2024-12-07 14:36:59.893 [info] [Git][getRemotes] No remotes found in the git config file
2024-12-07 14:36:59.894 [info] > git config --get commit.template [4ms]
2024-12-07 14:36:59.895 [info] > git for-each-ref --format=%(refname)%00%(upstream:short)%00%(objectname)%00%(upstream:track)%00%(upstream:remotename)%00%(upstream:remoteref) refs/heads/master refs/remotes/master [2ms]
2024-12-07 14:36:59.900 [info] > git status -z -uall [4ms]
2024-12-07 14:36:59.902 [info] > git for-each-ref --sort -committerdate --format %(refname) %(objectname) %(*objectname) [1ms]
2024-12-07 14:37:00.894 [info] > git ls-files --stage -- /home/ec2-user/git-graph-project/file.txt [2ms]
2024-12-07 14:37:00.898 [info] > git cat-file -s e5eb248f834dad9d8a9e9f1e4b4c988e3a27edf0 [2ms]
2024-12-07 14:37:01.085 [info] > git show --textconv :file.txt [2ms]
2024-12-07 14:37:04.689 [info] [Git][getRemotes] No remotes found in the git config file
2024-12-07 14:37:04.689 [info] > git config --get commit.template [4ms]
2024-12-07 14:37:04.690 [info] > git for-each-ref --format=%(refname)%00%(upstream:short)%00%(objectname)%00%(upstream:track)%00%(upstream:remotename)%00%(upstream:remoteref) refs/heads/master refs/remotes/master [2ms]
2024-12-07 14:37:04.696 [info] > git status -z -uall [4ms]
2024-12-07 14:37:04.698 [info] > git for-each-ref --sort -committerdate --format %(refname) %(objectname) %(*objectname) [3ms]
2024-12-07 14:37:04.910 [info] [Git][getRemotes] No remotes found in the git config file
2024-12-07 14:37:04.915 [info] > git config --get commit.template [7ms]
2024-12-07 14:37:04.915 [info] > git for-each-ref --format=%(refname)%00%(upstream:short)%00%(objectname)%00%(upstream:track)%00%(upstream:remotename)%00%(upstream:remoteref) refs/heads/master refs/remotes/master [5ms]
2024-12-07 14:37:04.922 [info] > git status -z -uall [4ms]
2024-12-07 14:37:04.922 [info] > git log --format=%H%n%aN%n%aE%n%at%n%ct%n%P%n%D%n%B -z --shortstat --diff-merges=first-parent -n50 --skip=0 --topo-order --decorate=full --stdin [8ms]
2024-12-07 14:37:04.925 [info] > git for-each-ref --sort -committerdate --format %(refname) %(objectname) %(*objectname) [4ms]
2024-12-07 14:37:06.025 [info] > git ls-files --stage -- /home/ec2-user/git-graph-project/file.txt [2ms]
2024-12-07 14:37:06.028 [info] > git cat-file -s e5eb248f834dad9d8a9e9f1e4b4c988e3a27edf0 [1ms]
2024-12-07 14:37:06.214 [info] > git show --textconv :file.txt [2ms]
2024-12-07 14:37:09.943 [info] [Git][getRemotes] No remotes found in the git config file
2024-12-07 14:37:09.943 [info] > git config --get commit.template [9ms]
2024-12-07 14:37:09.946 [info] > git for-each-ref --format=%(refname)%00%(upstream:short)%00%(objectname)%00%(upstream:track)%00%(upstream:remotename)%00%(upstream:remoteref) refs/heads/master refs/remotes/master [3ms]
2024-12-07 14:37:09.957 [info] > git status -z -uall [8ms]
2024-12-07 14:37:09.959 [info] > git for-each-ref --sort -committerdate --format %(refname) %(objectname) %(*objectname) [3ms]
2024-12-07 14:37:14.066 [info] [Git][getRemotes] No remotes found in the git config file
2024-12-07 14:37:14.066 [info] > git config --get commit.template [3ms]
2024-12-07 14:37:14.068 [info] > git for-each-ref --format=%(refname)%00%(upstream:short)%00%(objectname)%00%(upstream:track)%00%(upstream:remotename)%00%(upstream:remoteref) refs/heads/master refs/remotes/master [2ms]
2024-12-07 14:37:14.073 [info] > git status -z -uall [3ms]
2024-12-07 14:37:14.074 [info] > git for-each-ref --sort -committerdate --format %(refname) %(objectname) %(*objectname) [2ms]
2024-12-07 14:37:16.270 [info] [Git][getRemotes] No remotes found in the git config file
2024-12-07 14:37:16.271 [info] > git config --get commit.template [3ms]
2024-12-07 14:37:16.273 [info] > git for-each-ref --format=%(refname)%00%(upstream:short)%00%(objectname)%00%(upstream:track)%00%(upstream:remotename)%00%(upstream:remoteref) refs/heads/master refs/remotes/master [4ms]
2024-12-07 14:37:16.278 [info] > git status -z -uall [4ms]
2024-12-07 14:37:16.280 [info] > git for-each-ref --sort -committerdate --format %(refname) %(objectname) %(*objectname) [2ms]
2024-12-07 14:37:16.450 [info] > git ls-files --stage -- /home/ec2-user/git-graph-project/file.txt [2ms]
2024-12-07 14:37:16.453 [info] > git cat-file -s 4b3e75b20011473c0596af2b0c1db3f7ad02bc1c [2ms]
2024-12-07 14:37:16.641 [info] > git show --textconv :file.txt [4ms]
2024-12-07 14:37:17.625 [info] [Git][getRemotes] No remotes found in the git config file
2024-12-07 14:37:17.626 [info] > git config --get commit.template [4ms]
2024-12-07 14:37:17.627 [info] > git for-each-ref --format=%(refname)%00%(upstream:short)%00%(objectname)%00%(upstream:track)%00%(upstream:remotename)%00%(upstream:remoteref) refs/heads/master refs/remotes/master [2ms]
2024-12-07 14:37:17.632 [info] > git status -z -uall [3ms]
2024-12-07 14:37:17.635 [info] > git for-each-ref --sort -committerdate --format %(refname) %(objectname) %(*objectname) [2ms]
2024-12-07 14:37:17.858 [info] > git log --format=%H%n%aN%n%aE%n%at%n%ct%n%P%n%D%n%B -z --shortstat --diff-merges=first-parent -n50 --skip=0 --topo-order --decorate=full --stdin [4ms]
2024-12-07 14:37:18.969 [info] > git ls-files --stage -- /home/ec2-user/git-graph-project/file.txt [2ms]
2024-12-07 14:37:18.973 [info] > git cat-file -s 4b3e75b20011473c0596af2b0c1db3f7ad02bc1c [3ms]
2024-12-07 14:37:19.158 [info] > git show --textconv :file.txt [1ms]
2024-12-07 14:37:21.300 [info] [Git][getRemotes] No remotes found in the git config file
2024-12-07 14:37:21.300 [info] > git config --get commit.template [3ms]
2024-12-07 14:37:21.301 [info] > git for-each-ref --format=%(refname)%00%(upstream:short)%00%(objectname)%00%(upstream:track)%00%(upstream:remotename)%00%(upstream:remoteref) refs/heads/master refs/remotes/master [2ms]
2024-12-07 14:37:21.309 [info] > git status -z -uall [4ms]
2024-12-07 14:37:21.316 [info] > git for-each-ref --sort -committerdate --format %(refname) %(objectname) %(*objectname) [7ms]
2024-12-07 14:37:25.025 [info] [Git][getRemotes] No remotes found in the git config file
2024-12-07 14:37:25.025 [info] > git config --get commit.template [3ms]
2024-12-07 14:37:25.027 [info] > git for-each-ref --format=%(refname)%00%(upstream:short)%00%(objectname)%00%(upstream:track)%00%(upstream:remotename)%00%(upstream:remoteref) refs/heads/cool-new-feature refs/remotes/cool-new-feature [3ms]
2024-12-07 14:37:25.032 [info] > git status -z -uall [3ms]
2024-12-07 14:37:25.033 [info] > git for-each-ref --sort -committerdate --format %(refname) %(objectname) %(*objectname) [2ms]
2024-12-07 14:37:25.038 [info] > git for-each-ref --format=%(refname)%00%(upstream:short)%00%(objectname)%00%(upstream:track)%00%(upstream:remotename)%00%(upstream:remoteref) refs/heads/cool-new-feature refs/remotes/cool-new-feature [2ms]
2024-12-07 14:37:25.041 [info] > git config --local branch.cool-new-feature.vscode-merge-base [2ms]
2024-12-07 14:37:25.041 [warning] [Git][config] git config failed: Failed to execute git
2024-12-07 14:37:25.047 [info] > git reflog cool-new-feature --grep-reflog=branch: Created from *. [4ms]
2024-12-07 14:37:25.050 [info] > git reflog HEAD --grep-reflog=checkout: moving from .* to cool-new-feature [2ms]
2024-12-07 14:37:25.054 [info] > git for-each-ref --format=%(refname)%00%(upstream:short)%00%(objectname)%00%(upstream:track)%00%(upstream:remotename)%00%(upstream:remoteref) refs/heads/master refs/remotes/master [2ms]
2024-12-07 14:37:25.058 [info] > git symbolic-ref --short refs/remotes/origin/HEAD [3ms]
2024-12-07 14:37:25.058 [info] fatal: ref refs/remotes/origin/HEAD is not a symbolic ref
2024-12-07 14:37:25.058 [warning] [Repository][getDefaultBranch] Failed to get default branch details: Failed to execute git.
2024-12-07 14:37:25.260 [info] > git log --format=%H%n%aN%n%aE%n%at%n%ct%n%P%n%D%n%B -z --shortstat --diff-merges=first-parent -n50 --skip=0 --topo-order --decorate=full --stdin [2ms]
2024-12-07 14:37:27.197 [info] [Git][getRemotes] No remotes found in the git config file
2024-12-07 14:37:27.199 [info] > git config --get commit.template [4ms]
2024-12-07 14:37:27.203 [info] > git for-each-ref --format=%(refname)%00%(upstream:short)%00%(objectname)%00%(upstream:track)%00%(upstream:remotename)%00%(upstream:remoteref) refs/heads/cool-new-feature refs/remotes/cool-new-feature [4ms]
2024-12-07 14:37:27.209 [info] > git status -z -uall [4ms]
2024-12-07 14:37:27.211 [info] > git for-each-ref --sort -committerdate --format %(refname) %(objectname) %(*objectname) [3ms]
2024-12-07 14:37:27.379 [info] > git ls-files --stage -- /home/ec2-user/git-graph-project/file.txt [1ms]
2024-12-07 14:37:27.383 [info] > git cat-file -s 4b3e75b20011473c0596af2b0c1db3f7ad02bc1c [2ms]
2024-12-07 14:37:27.582 [info] > git show --textconv :file.txt [2ms]
2024-12-07 14:37:32.220 [info] [Git][getRemotes] No remotes found in the git config file
2024-12-07 14:37:32.220 [info] > git config --get commit.template [4ms]
2024-12-07 14:37:32.222 [info] > git for-each-ref --format=%(refname)%00%(upstream:short)%00%(objectname)%00%(upstream:track)%00%(upstream:remotename)%00%(upstream:remoteref) refs/heads/cool-new-feature refs/remotes/cool-new-feature [2ms]
2024-12-07 14:37:32.227 [info] > git status -z -uall [4ms]
2024-12-07 14:37:32.228 [info] > git for-each-ref --sort -committerdate --format %(refname) %(objectname) %(*objectname) [2ms]
2024-12-07 14:37:32.495 [info] [Git][getRemotes] No remotes found in the git config file
2024-12-07 14:37:32.496 [info] > git config --get commit.template [3ms]
2024-12-07 14:37:32.498 [info] > git for-each-ref --format=%(refname)%00%(upstream:short)%00%(objectname)%00%(upstream:track)%00%(upstream:remotename)%00%(upstream:remoteref) refs/heads/cool-new-feature refs/remotes/cool-new-feature [3ms]
2024-12-07 14:37:32.503 [info] > git status -z -uall [4ms]
2024-12-07 14:37:32.505 [info] > git for-each-ref --sort -committerdate --format %(refname) %(objectname) %(*objectname) [3ms]
2024-12-07 14:37:33.042 [info] > git check-ignore -v -z --stdin [3ms]
2024-12-07 14:37:34.628 [info] > git ls-files --stage -- /home/ec2-user/git-graph-project/file.txt [2ms]
2024-12-07 14:37:34.631 [info] > git cat-file -s 4b3e75b20011473c0596af2b0c1db3f7ad02bc1c [1ms]
2024-12-07 14:37:34.816 [info] > git show --textconv :file.txt [1ms]
2024-12-07 14:37:35.616 [info] [Git][getRemotes] No remotes found in the git config file
2024-12-07 14:37:35.616 [info] > git config --get commit.template [3ms]
2024-12-07 14:37:35.618 [info] > git for-each-ref --format=%(refname)%00%(upstream:short)%00%(objectname)%00%(upstream:track)%00%(upstream:remotename)%00%(upstream:remoteref) refs/heads/cool-new-feature refs/remotes/cool-new-feature [3ms]
2024-12-07 14:37:35.624 [info] > git status -z -uall [4ms]
2024-12-07 14:37:35.626 [info] > git for-each-ref --sort -committerdate --format %(refname) %(objectname) %(*objectname) [2ms]
2024-12-07 14:37:35.846 [info] > git log --format=%H%n%aN%n%aE%n%at%n%ct%n%P%n%D%n%B -z --shortstat --diff-merges=first-parent -n50 --skip=0 --topo-order --decorate=full --stdin [3ms]
2024-12-07 14:37:36.961 [info] > git ls-files --stage -- /home/ec2-user/git-graph-project/file.txt [2ms]
2024-12-07 14:37:36.965 [info] > git cat-file -s 4b3e75b20011473c0596af2b0c1db3f7ad02bc1c [2ms]
2024-12-07 14:37:37.151 [info] > git show --textconv :file.txt [2ms]
2024-12-07 14:37:37.238 [info] [Git][getRemotes] No remotes found in the git config file
2024-12-07 14:37:37.238 [info] > git config --get commit.template [3ms]
2024-12-07 14:37:37.241 [info] > git for-each-ref --format=%(refname)%00%(upstream:short)%00%(objectname)%00%(upstream:track)%00%(upstream:remotename)%00%(upstream:remoteref) refs/heads/cool-new-feature refs/remotes/cool-new-feature [3ms]
2024-12-07 14:37:37.245 [info] > git status -z -uall [3ms]
2024-12-07 14:37:37.247 [info] > git for-each-ref --sort -committerdate --format %(refname) %(objectname) %(*objectname) [2ms]
2024-12-07 14:37:42.924 [info] [Git][getRemotes] No remotes found in the git config file
2024-12-07 14:37:42.925 [info] > git config --get commit.template [5ms]
2024-12-07 14:37:42.926 [info] > git for-each-ref --format=%(refname)%00%(upstream:short)%00%(objectname)%00%(upstream:track)%00%(upstream:remotename)%00%(upstream:remoteref) refs/heads/cool-new-feature refs/remotes/cool-new-feature [2ms]
2024-12-07 14:37:42.932 [info] > git status -z -uall [3ms]
2024-12-07 14:37:42.935 [info] > git for-each-ref --sort -committerdate --format %(refname) %(objectname) %(*objectname) [3ms]
2024-12-07 14:37:52.129 [info] [Git][getRemotes] No remotes found in the git config file
2024-12-07 14:37:52.129 [info] > git config --get commit.template [3ms]
2024-12-07 14:37:52.131 [info] > git for-each-ref --format=%(refname)%00%(upstream:short)%00%(objectname)%00%(upstream:track)%00%(upstream:remotename)%00%(upstream:remoteref) refs/heads/cool-new-feature refs/remotes/cool-new-feature [3ms]
2024-12-07 14:37:52.135 [info] > git status -z -uall [3ms]
2024-12-07 14:37:52.138 [info] > git for-each-ref --sort -committerdate --format %(refname) %(objectname) %(*objectname) [3ms]
2024-12-07 14:37:53.191 [info] [Git][getRemotes] No remotes found in the git config file
2024-12-07 14:37:53.192 [info] > git config --get commit.template [5ms]
2024-12-07 14:37:53.193 [info] > git for-each-ref --format=%(refname)%00%(upstream:short)%00%(objectname)%00%(upstream:track)%00%(upstream:remotename)%00%(upstream:remoteref) refs/heads/cool-new-feature refs/remotes/cool-new-feature [2ms]
2024-12-07 14:37:53.198 [info] > git status -z -uall [3ms]
2024-12-07 14:37:53.200 [info] > git for-each-ref --sort -committerdate --format %(refname) %(objectname) %(*objectname) [2ms]
2024-12-07 14:37:53.475 [info] > git ls-files --stage -- /home/ec2-user/git-graph-project/file.txt [1ms]
2024-12-07 14:37:53.479 [info] > git cat-file -s 4b3e75b20011473c0596af2b0c1db3f7ad02bc1c [2ms]
2024-12-07 14:37:53.665 [info] > git show --textconv :file.txt [2ms]
2024-12-07 14:37:57.400 [info] [Git][getRemotes] No remotes found in the git config file
2024-12-07 14:37:57.401 [info] > git config --get commit.template [2ms]
2024-12-07 14:37:57.403 [info] > git for-each-ref --format=%(refname)%00%(upstream:short)%00%(objectname)%00%(upstream:track)%00%(upstream:remotename)%00%(upstream:remoteref) refs/heads/cool-new-feature refs/remotes/cool-new-feature [3ms]
2024-12-07 14:37:57.407 [info] > git status -z -uall [3ms]
2024-12-07 14:37:57.409 [info] > git for-each-ref --sort -committerdate --format %(refname) %(objectname) %(*objectname) [2ms]
2024-12-07 14:37:57.652 [info] > git log --format=%H%n%aN%n%aE%n%at%n%ct%n%P%n%D%n%B -z --shortstat --diff-merges=first-parent -n50 --skip=0 --topo-order --decorate=full --stdin [4ms]
2024-12-07 14:37:58.459 [info] [Git][getRemotes] No remotes found in the git config file
2024-12-07 14:37:58.459 [info] > git config --get commit.template [3ms]
2024-12-07 14:37:58.461 [info] > git for-each-ref --format=%(refname)%00%(upstream:short)%00%(objectname)%00%(upstream:track)%00%(upstream:remotename)%00%(upstream:remoteref) refs/heads/cool-new-feature refs/remotes/cool-new-feature [3ms]
2024-12-07 14:37:58.465 [info] > git status -z -uall [3ms]
2024-12-07 14:37:58.470 [info] > git for-each-ref --sort -committerdate --format %(refname) %(objectname) %(*objectname) [5ms]
2024-12-07 14:37:58.745 [info] > git ls-files --stage -- /home/ec2-user/git-graph-project/file.txt [5ms]
2024-12-07 14:37:58.752 [info] > git cat-file -s 4b3e75b20011473c0596af2b0c1db3f7ad02bc1c [1ms]
2024-12-07 14:37:58.940 [info] > git show --textconv :file.txt [1ms]
2024-12-07 14:38:12.656 [info] [Git][getRemotes] No remotes found in the git config file
2024-12-07 14:38:12.656 [info] > git config --get commit.template [4ms]
2024-12-07 14:38:12.658 [info] > git for-each-ref --format=%(refname)%00%(upstream:short)%00%(objectname)%00%(upstream:track)%00%(upstream:remotename)%00%(upstream:remoteref) refs/heads/cool-new-feature refs/remotes/cool-new-feature [2ms]
2024-12-07 14:38:12.663 [info] > git status -z -uall [3ms]
2024-12-07 14:38:12.665 [info] > git for-each-ref --sort -committerdate --format %(refname) %(objectname) %(*objectname) [3ms]
2024-12-07 14:38:13.713 [info] [Git][getRemotes] No remotes found in the git config file
2024-12-07 14:38:13.713 [info] > git config --get commit.template [3ms]
2024-12-07 14:38:13.716 [info] > git for-each-ref --format=%(refname)%00%(upstream:short)%00%(objectname)%00%(upstream:track)%00%(upstream:remotename)%00%(upstream:remoteref) refs/heads/cool-new-feature refs/remotes/cool-new-feature [3ms]
2024-12-07 14:38:13.720 [info] > git status -z -uall [3ms]
2024-12-07 14:38:13.722 [info] > git for-each-ref --sort -committerdate --format %(refname) %(objectname) %(*objectname) [2ms]
2024-12-07 14:38:13.993 [info] > git ls-files --stage -- /home/ec2-user/git-graph-project/file.txt [2ms]
2024-12-07 14:38:13.997 [info] > git cat-file -s 4b3e75b20011473c0596af2b0c1db3f7ad02bc1c [3ms]
2024-12-07 14:38:14.182 [info] > git show --textconv :file.txt [2ms]
2024-12-07 14:39:02.556 [info] [Git][getRemotes] No remotes found in the git config file
2024-12-07 14:39:02.556 [info] > git config --get commit.template [2ms]
2024-12-07 14:39:02.560 [info] > git for-each-ref --format=%(refname)%00%(upstream:short)%00%(objectname)%00%(upstream:track)%00%(upstream:remotename)%00%(upstream:remoteref) refs/heads/master refs/remotes/master [4ms]
2024-12-07 14:39:02.565 [info] > git status -z -uall [4ms]
2024-12-07 14:39:02.568 [info] > git for-each-ref --sort -committerdate --format %(refname) %(objectname) %(*objectname) [4ms]
2024-12-07 14:39:02.572 [info] > git for-each-ref --format=%(refname)%00%(upstream:short)%00%(objectname)%00%(upstream:track)%00%(upstream:remotename)%00%(upstream:remoteref) refs/heads/master refs/remotes/master [2ms]
2024-12-07 14:39:02.576 [info] > git config --local branch.master.vscode-merge-base [1ms]
2024-12-07 14:39:02.576 [warning] [Git][config] git config failed: Failed to execute git
2024-12-07 14:39:02.581 [info] > git reflog master --grep-reflog=branch: Created from *. [2ms]
2024-12-07 14:39:02.583 [info] > git symbolic-ref --short refs/remotes/origin/HEAD [1ms]
2024-12-07 14:39:02.583 [info] fatal: ref refs/remotes/origin/HEAD is not a symbolic ref
2024-12-07 14:39:02.583 [warning] [Repository][getDefaultBranch] Failed to get default branch details: Failed to execute git.
2024-12-07 14:39:02.791 [info] > git log --format=%H%n%aN%n%aE%n%at%n%ct%n%P%n%D%n%B -z --shortstat --diff-merges=first-parent -n50 --skip=0 --topo-order --decorate=full --stdin [5ms]
2024-12-07 14:39:03.636 [info] [Git][getRemotes] No remotes found in the git config file
2024-12-07 14:39:03.637 [info] > git config --get commit.template [4ms]
2024-12-07 14:39:03.639 [info] > git for-each-ref --format=%(refname)%00%(upstream:short)%00%(objectname)%00%(upstream:track)%00%(upstream:remotename)%00%(upstream:remoteref) refs/heads/master refs/remotes/master [2ms]
2024-12-07 14:39:03.643 [info] > git status -z -uall [3ms]
2024-12-07 14:39:03.645 [info] > git for-each-ref --sort -committerdate --format %(refname) %(objectname) %(*objectname) [2ms]
2024-12-07 14:39:03.917 [info] > git ls-files --stage -- /home/ec2-user/git-graph-project/file.txt [2ms]
2024-12-07 14:39:03.920 [info] > git cat-file -s 4b3e75b20011473c0596af2b0c1db3f7ad02bc1c [2ms]
2024-12-07 14:39:04.107 [info] > git show --textconv :file.txt [3ms]
2024-12-07 14:39:08.913 [info] [Git][getRemotes] No remotes found in the git config file
2024-12-07 14:39:08.914 [info] > git config --get commit.template [3ms]
2024-12-07 14:39:08.915 [info] > git for-each-ref --format=%(refname)%00%(upstream:short)%00%(objectname)%00%(upstream:track)%00%(upstream:remotename)%00%(upstream:remoteref) refs/heads/master refs/remotes/master [2ms]
2024-12-07 14:39:08.920 [info] > git status -z -uall [3ms]
2024-12-07 14:39:08.922 [info] > git for-each-ref --sort -committerdate --format %(refname) %(objectname) %(*objectname) [2ms]
2024-12-07 14:39:09.143 [info] > git log --format=%H%n%aN%n%aE%n%at%n%ct%n%P%n%D%n%B -z --shortstat --diff-merges=first-parent -n50 --skip=0 --topo-order --decorate=full --stdin [3ms]
2024-12-07 14:39:09.970 [info] [Git][getRemotes] No remotes found in the git config file
2024-12-07 14:39:09.970 [info] > git config --get commit.template [3ms]
2024-12-07 14:39:09.972 [info] > git for-each-ref --format=%(refname)%00%(upstream:short)%00%(objectname)%00%(upstream:track)%00%(upstream:remotename)%00%(upstream:remoteref) refs/heads/master refs/remotes/master [3ms]
2024-12-07 14:39:09.976 [info] > git status -z -uall [3ms]
2024-12-07 14:39:09.977 [info] > git for-each-ref --sort -committerdate --format %(refname) %(objectname) %(*objectname) [2ms]
2024-12-07 14:39:10.249 [info] > git ls-files --stage -- /home/ec2-user/git-graph-project/file.txt [2ms]
2024-12-07 14:39:10.252 [info] > git cat-file -s 4b3e75b20011473c0596af2b0c1db3f7ad02bc1c [2ms]
2024-12-07 14:39:10.441 [info] > git show --textconv :file.txt [2ms]
2024-12-07 14:42:33.732 [info] > git config --get commit.template [4ms]
2024-12-07 14:42:33.733 [info] > git for-each-ref --format=%(refname)%00%(upstream:short)%00%(objectname)%00%(upstream:track)%00%(upstream:remotename)%00%(upstream:remoteref) refs/heads/master refs/remotes/master [2ms]
2024-12-07 14:42:33.738 [info] > git status -z -uall [4ms]
2024-12-07 14:42:33.739 [info] > git for-each-ref --sort -committerdate --format %(refname) %(objectname) %(*objectname) [1ms]
2024-12-07 14:42:34.012 [info] > git ls-files --stage -- /home/ec2-user/git-graph-project/file.txt [2ms]
2024-12-07 14:42:34.015 [info] > git cat-file -s 4b3e75b20011473c0596af2b0c1db3f7ad02bc1c [1ms]
2024-12-07 14:42:34.201 [info] > git show --textconv :file.txt [2ms]
2024-12-07 14:43:00.027 [info] > git config --get commit.template [2ms]
2024-12-07 14:43:00.028 [info] > git for-each-ref --format=%(refname)%00%(upstream:short)%00%(objectname)%00%(upstream:track)%00%(upstream:remotename)%00%(upstream:remoteref) refs/heads/master refs/remotes/master [2ms]
2024-12-07 14:43:00.037 [info] > git status -z -uall [4ms]
2024-12-07 14:43:00.039 [info] > git for-each-ref --sort -committerdate --format %(refname) %(objectname) %(*objectname) [3ms]
2024-12-07 14:43:00.050 [info] > git merge-base refs/heads/master refs/remotes/origin/master [1ms]
2024-12-07 14:43:00.054 [info] > git diff --name-status -z --diff-filter=ADMR 56515d5c8c1cee3563276689585d51c7f7cf8ba2...refs/remotes/origin/master [2ms]
2024-12-07 14:43:00.242 [info] > git log --format=%H%n%aN%n%aE%n%at%n%ct%n%P%n%D%n%B -z --shortstat --diff-merges=first-parent -n50 --skip=0 --topo-order --decorate=full --stdin [3ms]
2024-12-07 14:43:01.072 [info] > git config --get commit.template [2ms]
2024-12-07 14:43:01.073 [info] > git for-each-ref --format=%(refname)%00%(upstream:short)%00%(objectname)%00%(upstream:track)%00%(upstream:remotename)%00%(upstream:remoteref) refs/heads/master refs/remotes/master [2ms]
2024-12-07 14:43:01.078 [info] > git status -z -uall [3ms]
2024-12-07 14:43:01.081 [info] > git for-each-ref --sort -committerdate --format %(refname) %(objectname) %(*objectname) [3ms]
2024-12-07 14:43:01.353 [info] > git ls-files --stage -- /home/ec2-user/git-graph-project/file.txt [2ms]
2024-12-07 14:43:01.355 [info] > git cat-file -s 4b3e75b20011473c0596af2b0c1db3f7ad02bc1c [1ms]
2024-12-07 14:43:01.582 [info] > git show --textconv :file.txt [3ms]
2024-12-07 14:44:19.964 [info] > git diff-tree -r --name-status -z --diff-filter=ADMR e6a21325d47cb187ed556c3348b113d0330dc180 56515d5c8c1cee3563276689585d51c7f7cf8ba2 [2ms]
2024-12-07 14:44:20.178 [info] > git show --textconv e6a21325d47cb187ed556c3348b113d0330dc180:feature.txt [12ms]
2024-12-07 14:44:20.178 [info] > git show --textconv 56515d5c8c1cee3563276689585d51c7f7cf8ba2:feature.txt [9ms]
2024-12-07 14:44:20.178 [info] > git ls-tree -l e6a21325d47cb187ed556c3348b113d0330dc180 -- /home/ec2-user/git-graph-project/feature.txt [6ms]
2024-12-07 14:44:20.181 [info] > git ls-tree -l 56515d5c8c1cee3563276689585d51c7f7cf8ba2 -- /home/ec2-user/git-graph-project/feature.txt [6ms]
2024-12-07 14:44:20.680 [info] > git check-ignore -v -z --stdin [2ms]
2024-12-07 14:44:24.194 [info] > git hash-object -t tree /dev/null [2ms]
2024-12-07 14:44:24.198 [info] > git diff-tree -r --name-status -z --diff-filter=ADMR 4b825dc642cb6eb9a060e54bf8d69288fbee4904 cc98928d0df338531a5db3bab7f89ebf3f76a95a [2ms]
2024-12-07 14:44:24.400 [info] > git show --textconv 4b825dc642cb6eb9a060e54bf8d69288fbee4904:file.txt [13ms]
2024-12-07 14:44:24.400 [info] > git show --textconv cc98928d0df338531a5db3bab7f89ebf3f76a95a:file.txt [9ms]
2024-12-07 14:44:24.400 [info] > git ls-tree -l 4b825dc642cb6eb9a060e54bf8d69288fbee4904 -- /home/ec2-user/git-graph-project/file.txt [7ms]
2024-12-07 14:44:24.403 [info] > git ls-tree -l cc98928d0df338531a5db3bab7f89ebf3f76a95a -- /home/ec2-user/git-graph-project/file.txt [6ms]
2024-12-07 14:44:24.896 [info] > git diff-tree -r --name-status -z --diff-filter=ADMR e6a21325d47cb187ed556c3348b113d0330dc180 56515d5c8c1cee3563276689585d51c7f7cf8ba2 [3ms]
2024-12-07 14:44:24.903 [info] > git check-ignore -v -z --stdin [2ms]
2024-12-07 14:44:25.095 [info] > git show --textconv e6a21325d47cb187ed556c3348b113d0330dc180:feature.txt [11ms]
2024-12-07 14:44:25.095 [info] > git show --textconv 56515d5c8c1cee3563276689585d51c7f7cf8ba2:feature.txt [6ms]
2024-12-07 14:44:25.095 [info] > git ls-tree -l e6a21325d47cb187ed556c3348b113d0330dc180 -- /home/ec2-user/git-graph-project/feature.txt [4ms]
2024-12-07 14:44:25.098 [info] > git ls-tree -l 56515d5c8c1cee3563276689585d51c7f7cf8ba2 -- /home/ec2-user/git-graph-project/feature.txt [4ms]
2024-12-07 14:44:33.953 [info] > git ls-tree -l e6a21325d47cb187ed556c3348b113d0330dc180 -- /home/ec2-user/git-graph-project/feature.txt [3ms]
2024-12-07 14:44:33.955 [info] > git ls-tree -l 56515d5c8c1cee3563276689585d51c7f7cf8ba2 -- /home/ec2-user/git-graph-project/feature.txt [2ms]
2024-12-07 14:44:45.097 [info] > git show --textconv :feature.txt [3ms]
2024-12-07 14:44:45.099 [info] > git ls-files --stage -- /home/ec2-user/git-graph-project/feature.txt [2ms]
2024-12-07 14:44:45.102 [info] > git cat-file -s 213cb5202cc2cc914e8b3a6a1ec7eaa2c07729a5 [2ms]
2024-12-07 14:44:46.238 [info] > git show --textconv :file.txt [5ms]
2024-12-07 14:44:46.240 [info] > git ls-files --stage -- /home/ec2-user/git-graph-project/file.txt [3ms]
2024-12-07 14:44:46.242 [info] > git cat-file -s 4b3e75b20011473c0596af2b0c1db3f7ad02bc1c [1ms]
2024-12-07 14:44:47.358 [info] > git show --textconv :feature.txt [4ms]
2024-12-07 14:44:47.360 [info] > git ls-files --stage -- /home/ec2-user/git-graph-project/feature.txt [3ms]
2024-12-07 14:44:47.362 [info] > git cat-file -s 213cb5202cc2cc914e8b3a6a1ec7eaa2c07729a5 [1ms]
2024-12-07 14:45:02.452 [info] > git show --textconv :file.txt [3ms]
2024-12-07 14:45:02.454 [info] > git ls-files --stage -- /home/ec2-user/git-graph-project/file.txt [3ms]
2024-12-07 14:45:02.457 [info] > git cat-file -s 4b3e75b20011473c0596af2b0c1db3f7ad02bc1c [2ms]
2024-12-07 14:45:03.809 [info] > git log --format=%H%n%aN%n%aE%n%at%n%ct%n%P%n%D%n%B -z --shortstat --diff-merges=first-parent -n50 --skip=0 --topo-order --decorate=full --stdin [3ms]
2024-12-07 14:45:27.058 [info] > git ls-tree -l e6a21325d47cb187ed556c3348b113d0330dc180 -- /home/ec2-user/git-graph-project/feature.txt [4ms]
2024-12-07 14:45:27.059 [info] > git ls-tree -l 56515d5c8c1cee3563276689585d51c7f7cf8ba2 -- /home/ec2-user/git-graph-project/feature.txt [3ms]
